[0.007s] Invoking command in '/home/iit.local/gturrisi/isaaclab_ws_home/quadruped_rl_collection/scripts/sim_to_others/ros2/msg_ws/build/dls2_msgs': CONDA_PROMPT_MODIFIER=(isaaclab_env) /home/iit.local/gturrisi/mambaforge/envs/isaaclab_env/bin/cmake /home/iit.local/gturrisi/isaaclab_ws_home/quadruped_rl_collection/scripts/sim_to_others/ros2/msg_ws/src/dls2_msgs -DCMAKE_INSTALL_PREFIX=/home/iit.local/gturrisi/isaaclab_ws_home/quadruped_rl_collection/scripts/sim_to_others/ros2/msg_ws/install/dls2_msgs
[0.047s] -- The C compiler identification is GNU 13.3.0
[0.099s] -- The CXX compiler identification is GNU 13.3.0
[0.106s] -- Detecting C compiler ABI info
[0.157s] -- Detecting C compiler ABI info - done
[0.166s] -- Check for working C compiler: /home/iit.local/gturrisi/mambaforge/envs/isaaclab_env/bin/x86_64-conda-linux-gnu-cc - skipped
[0.166s] -- Detecting C compile features
[0.166s] -- Detecting C compile features - done
[0.168s] -- Detecting CXX compiler ABI info
[0.229s] -- Detecting CXX compiler ABI info - done
[0.236s] -- Check for working CXX compiler: /home/iit.local/gturrisi/mambaforge/envs/isaaclab_env/bin/x86_64-conda-linux-gnu-c++ - skipped
[0.236s] -- Detecting CXX compile features
[0.236s] -- Detecting CXX compile features - done
[0.239s] -- Found ament_cmake: 1.3.3 (/home/iit.local/gturrisi/mambaforge/envs/isaaclab_env/share/ament_cmake/cmake)
[1.158s] -- Found Python3: /home/iit.local/gturrisi/mambaforge/envs/isaaclab_env/bin/python3.10 (found version "3.10.13") found components: Interpreter 
[1.220s] -- Found ament_lint_auto: 0.12.5 (/home/iit.local/gturrisi/mambaforge/envs/isaaclab_env/share/ament_lint_auto/cmake)
[1.278s] -- Found rosidl_default_generators: 1.2.0 (/home/iit.local/gturrisi/mambaforge/envs/isaaclab_env/share/rosidl_default_generators/cmake)
[1.280s] -- Using all available rosidl_typesupport_c: rosidl_typesupport_fastrtps_c;rosidl_typesupport_introspection_c
[1.287s] -- Found rosidl_adapter: 3.1.4 (/home/iit.local/gturrisi/mambaforge/envs/isaaclab_env/share/rosidl_adapter/cmake)
[1.315s] -- Using all available rosidl_typesupport_cpp: rosidl_typesupport_fastrtps_cpp;rosidl_typesupport_introspection_cpp
[1.406s] [31mCMake Error at /home/iit.local/gturrisi/mambaforge/envs/isaaclab_env/share/rosidl_adapter/cmake/rosidl_adapt_interfaces.cmake:59 (message):
[1.406s]   
[1.406s]   execute_process(/home/iit.local/gturrisi/mambaforge/envs/isaaclab_env/bin/python3.10
[1.406s]   -m rosidl_adapter --package-name dls2_msgs --arguments-file
[1.406s]   /home/iit.local/gturrisi/isaaclab_ws_home/quadruped_rl_collection/scripts/sim_to_others/ros2/msg_ws/build/dls2_msgs/rosidl_adapter__arguments__dls2_msgs.json
[1.406s]   --output-dir
[1.406s]   /home/iit.local/gturrisi/isaaclab_ws_home/quadruped_rl_collection/scripts/sim_to_others/ros2/msg_ws/build/dls2_msgs/rosidl_adapter/dls2_msgs
[1.406s]   --output-file
[1.406s]   /home/iit.local/gturrisi/isaaclab_ws_home/quadruped_rl_collection/scripts/sim_to_others/ros2/msg_ws/build/dls2_msgs/rosidl_adapter/dls2_msgs.idls)
[1.406s]   returned error code 1:
[1.406s] 
[1.406s]   Error processing 'float64[12] kp;' of 'dls2_msgs/TrajectoryGeneratorMsg':
[1.406s]   ''kp;' is an invalid field name.  It should have the pattern
[1.406s]   '^(?!.*__)(?!.*_$)[a-z][a-z0-9_]*$''
[1.406s] 
[1.406s]   Traceback (most recent call last):
[1.406s] 
[1.406s]     File "/home/iit.local/gturrisi/mambaforge/envs/isaaclab_env/lib/python3.10/runpy.py", line 196, in _run_module_as_main
[1.406s]       return _run_code(code, main_globals, None,
[1.406s]     File "/home/iit.local/gturrisi/mambaforge/envs/isaaclab_env/lib/python3.10/runpy.py", line 86, in _run_code
[1.406s]       exec(code, run_globals)
[1.406s]     File "/home/iit.local/gturrisi/mambaforge/envs/isaaclab_env/lib/python3.10/site-packages/rosidl_adapter/__main__.py", line 19, in <module>
[1.407s]       sys.exit(main())
[1.407s]     File "/home/iit.local/gturrisi/mambaforge/envs/isaaclab_env/lib/python3.10/site-packages/rosidl_adapter/main.py", line 53, in main
[1.407s]       abs_idl_file = convert_to_idl(
[1.407s]     File "/home/iit.local/gturrisi/mambaforge/envs/isaaclab_env/lib/python3.10/site-packages/rosidl_adapter/__init__.py", line 19, in convert_to_idl
[1.407s]       return convert_msg_to_idl(
[1.407s]     File "/home/iit.local/gturrisi/mambaforge/envs/isaaclab_env/lib/python3.10/site-packages/rosidl_adapter/msg/__init__.py", line 28, in convert_msg_to_idl
[1.407s]       msg = parse_message_string(package_name, input_file.stem, content)
[1.407s]     File "/home/iit.local/gturrisi/mambaforge/envs/isaaclab_env/lib/python3.10/site-packages/rosidl_adapter/parser.py", line 519, in parse_message_string
[1.407s]       fields.append(Field(
[1.407s]     File "/home/iit.local/gturrisi/mambaforge/envs/isaaclab_env/lib/python3.10/site-packages/rosidl_adapter/parser.py", line 354, in __init__
[1.407s]       raise NameError(
[1.407s] 
[1.407s]   NameError: 'kp;' is an invalid field name.  It should have the pattern
[1.407s]   '^(?!.*__)(?!.*_$)[a-z][a-z0-9_]*$'
[1.407s] 
[1.407s] Call Stack (most recent call first):
[1.407s]   /home/iit.local/gturrisi/mambaforge/envs/isaaclab_env/share/rosidl_cmake/cmake/rosidl_generate_interfaces.cmake:130 (rosidl_adapt_interfaces)
[1.407s]   CMakeLists.txt:28 (rosidl_generate_interfaces)
[1.407s] 
[1.407s] [0m
[1.407s] -- Configuring incomplete, errors occurred!
[1.410s] Invoked command in '/home/iit.local/gturrisi/isaaclab_ws_home/quadruped_rl_collection/scripts/sim_to_others/ros2/msg_ws/build/dls2_msgs' returned '1': CONDA_PROMPT_MODIFIER=(isaaclab_env) /home/iit.local/gturrisi/mambaforge/envs/isaaclab_env/bin/cmake /home/iit.local/gturrisi/isaaclab_ws_home/quadruped_rl_collection/scripts/sim_to_others/ros2/msg_ws/src/dls2_msgs -DCMAKE_INSTALL_PREFIX=/home/iit.local/gturrisi/isaaclab_ws_home/quadruped_rl_collection/scripts/sim_to_others/ros2/msg_ws/install/dls2_msgs
