-- Found ament_cmake: 1.3.3 (/home/iit.local/gturrisi/mambaforge/envs/isaaclab_env/share/ament_cmake/cmake)
-- Found ament_lint_auto: 0.12.5 (/home/iit.local/gturrisi/mambaforge/envs/isaaclab_env/share/ament_lint_auto/cmake)
-- Found rosidl_default_generators: 1.2.0 (/home/iit.local/gturrisi/mambaforge/envs/isaaclab_env/share/rosidl_default_generators/cmake)
-- Using all available rosidl_typesupport_c: rosidl_typesupport_fastrtps_c;rosidl_typesupport_introspection_c
-- Found rosidl_adapter: 3.1.4 (/home/iit.local/gturrisi/mambaforge/envs/isaaclab_env/share/rosidl_adapter/cmake)
-- Using all available rosidl_typesupport_cpp: rosidl_typesupport_fastrtps_cpp;rosidl_typesupport_introspection_cpp
-- Found ament_cmake_ros: 0.10.0 (/home/iit.local/gturrisi/mambaforge/envs/isaaclab_env/share/ament_cmake_ros/cmake)
-- Using all available rosidl_typesupport_c: rosidl_typesupport_fastrtps_c;rosidl_typesupport_introspection_c
-- Using all available rosidl_typesupport_cpp: rosidl_typesupport_fastrtps_cpp;rosidl_typesupport_introspection_cpp
-- Found PythonInterp: /home/iit.local/gturrisi/mambaforge/envs/isaaclab_env/bin/python3 (found suitable version "3.10.13", minimum required is "3.6") 
-- Found python_cmake_module: 0.10.0 (/home/iit.local/gturrisi/mambaforge/envs/isaaclab_env/share/python_cmake_module/cmake)
-- Found PythonLibs: /home/iit.local/gturrisi/mambaforge/envs/isaaclab_env/lib/libpython3.10.so (found suitable version "3.10.13", minimum required is "3.5") 
-- Using PYTHON_EXECUTABLE: /home/iit.local/gturrisi/mambaforge/envs/isaaclab_env/bin/python3
-- Using PYTHON_INCLUDE_DIRS: /home/iit.local/gturrisi/mambaforge/envs/isaaclab_env/include/python3.10
-- Using PYTHON_LIBRARIES: /home/iit.local/gturrisi/mambaforge/envs/isaaclab_env/lib/libpython3.10.so
-- Found PythonExtra: .so  
-- Found Python3: /home/iit.local/gturrisi/mambaforge/envs/isaaclab_env/include/python3.10 (found version "3.10.13") found components: Development NumPy Interpreter Development.Module Development.Embed 
-- Added test 'lint_cmake' to check CMake code style
-- Added test 'xmllint' to check XML markup files
-- Configuring done (1.3s)
-- Generating done (0.0s)
-- Build files have been written to: /home/iit.local/gturrisi/isaaclab_ws_home/quadruped_rl_collection/scripts/sim_to_others/ros2/msg_ws/build/dls2_msgs
[  1%] [34m[1mGenerating C code for ROS interfaces[0m
[  3%] [34m[1mGenerating C++ code for ROS interfaces[0m
[  3%] Built target ament_cmake_python_copy_dls2_msgs
[  7%] [32mBuilding C object CMakeFiles/dls2_msgs__rosidl_generator_c.dir/rosidl_generator_c/dls2_msgs/msg/detail/blind_state_msg__functions.c.o[0m
[  9%] [32mBuilding C object CMakeFiles/dls2_msgs__rosidl_generator_c.dir/rosidl_generator_c/dls2_msgs/msg/detail/trajectory_generator_msg__functions.c.o[0m
[  9%] [32mBuilding C object CMakeFiles/dls2_msgs__rosidl_generator_c.dir/rosidl_generator_c/dls2_msgs/msg/detail/base_state_msg__functions.c.o[0m
[ 10%] [32mBuilding C object CMakeFiles/dls2_msgs__rosidl_generator_c.dir/rosidl_generator_c/dls2_msgs/msg/detail/control_signal_msg__functions.c.o[0m
[ 10%] Built target dls2_msgs__cpp
[ 14%] [34m[1mGenerating C++ introspection for ROS interfaces[0m
[ 14%] [34m[1mGenerating C++ type support dispatch for ROS interfaces[0m
[ 16%] [34m[1mGenerating C++ type support for eProsima Fast-RTPS[0m
running egg_info
creating dls2_msgs.egg-info
[ 18%] [32m[1mLinking C shared library libdls2_msgs__rosidl_generator_c.so[0m
[ 18%] Built target dls2_msgs__rosidl_generator_c
[ 20%] [34m[1mGenerating C introspection for ROS interfaces[0m
[ 21%] [34m[1mGenerating C type support for eProsima Fast-RTPS[0m
[ 23%] [34m[1mGenerating C type support dispatch for ROS interfaces[0m
writing dls2_msgs.egg-info/PKG-INFO
writing dependency_links to dls2_msgs.egg-info/dependency_links.txt
[ 27%] [32mBuilding CXX object CMakeFiles/dls2_msgs__rosidl_typesupport_cpp.dir/rosidl_typesupport_cpp/dls2_msgs/msg/blind_state_msg__type_support.cpp.o[0m
[ 27%] [32mBuilding CXX object CMakeFiles/dls2_msgs__rosidl_typesupport_cpp.dir/rosidl_typesupport_cpp/dls2_msgs/msg/base_state_msg__type_support.cpp.o[0m
[ 29%] [32mBuilding CXX object CMakeFiles/dls2_msgs__rosidl_typesupport_cpp.dir/rosidl_typesupport_cpp/dls2_msgs/msg/control_signal_msg__type_support.cpp.o[0m
[ 30%] [32mBuilding CXX object CMakeFiles/dls2_msgs__rosidl_typesupport_cpp.dir/rosidl_typesupport_cpp/dls2_msgs/msg/trajectory_generator_msg__type_support.cpp.o[0m
[ 34%] [32mBuilding CXX object CMakeFiles/dls2_msgs__rosidl_typesupport_introspection_cpp.dir/rosidl_typesupport_introspection_cpp/dls2_msgs/msg/detail/blind_state_msg__type_support.cpp.o[0m
[ 34%] [32mBuilding CXX object CMakeFiles/dls2_msgs__rosidl_typesupport_introspection_cpp.dir/rosidl_typesupport_introspection_cpp/dls2_msgs/msg/detail/base_state_msg__type_support.cpp.o[0m
[ 36%] [32mBuilding CXX object CMakeFiles/dls2_msgs__rosidl_typesupport_introspection_cpp.dir/rosidl_typesupport_introspection_cpp/dls2_msgs/msg/detail/control_signal_msg__type_support.cpp.o[0m
[ 38%] [32mBuilding CXX object CMakeFiles/dls2_msgs__rosidl_typesupport_introspection_cpp.dir/rosidl_typesupport_introspection_cpp/dls2_msgs/msg/detail/trajectory_generator_msg__type_support.cpp.o[0m
[ 40%] [32mBuilding CXX object CMakeFiles/dls2_msgs__rosidl_typesupport_fastrtps_cpp.dir/rosidl_typesupport_fastrtps_cpp/dls2_msgs/msg/detail/dds_fastrtps/trajectory_generator_msg__type_support.cpp.o[0m
[ 41%] [32mBuilding CXX object CMakeFiles/dls2_msgs__rosidl_typesupport_fastrtps_cpp.dir/rosidl_typesupport_fastrtps_cpp/dls2_msgs/msg/detail/dds_fastrtps/blind_state_msg__type_support.cpp.o[0m
[ 43%] [32mBuilding CXX object CMakeFiles/dls2_msgs__rosidl_typesupport_fastrtps_cpp.dir/rosidl_typesupport_fastrtps_cpp/dls2_msgs/msg/detail/dds_fastrtps/control_signal_msg__type_support.cpp.o[0m
[ 45%] [32mBuilding CXX object CMakeFiles/dls2_msgs__rosidl_typesupport_fastrtps_cpp.dir/rosidl_typesupport_fastrtps_cpp/dls2_msgs/msg/detail/dds_fastrtps/base_state_msg__type_support.cpp.o[0m
writing top-level names to dls2_msgs.egg-info/top_level.txt
writing manifest file 'dls2_msgs.egg-info/SOURCES.txt'
reading manifest file 'dls2_msgs.egg-info/SOURCES.txt'
writing manifest file 'dls2_msgs.egg-info/SOURCES.txt'
[ 45%] Built target ament_cmake_python_build_dls2_msgs_egg
[ 50%] [32mBuilding CXX object CMakeFiles/dls2_msgs__rosidl_typesupport_c.dir/rosidl_typesupport_c/dls2_msgs/msg/trajectory_generator_msg__type_support.cpp.o[0m
[ 50%] [32mBuilding CXX object CMakeFiles/dls2_msgs__rosidl_typesupport_c.dir/rosidl_typesupport_c/dls2_msgs/msg/blind_state_msg__type_support.cpp.o[0m
[ 52%] [32mBuilding CXX object CMakeFiles/dls2_msgs__rosidl_typesupport_c.dir/rosidl_typesupport_c/dls2_msgs/msg/base_state_msg__type_support.cpp.o[0m
[ 50%] [32mBuilding CXX object CMakeFiles/dls2_msgs__rosidl_typesupport_c.dir/rosidl_typesupport_c/dls2_msgs/msg/control_signal_msg__type_support.cpp.o[0m
[ 54%] [32m[1mLinking CXX shared library libdls2_msgs__rosidl_typesupport_c.so[0m
[ 58%] [32mBuilding CXX object CMakeFiles/dls2_msgs__rosidl_typesupport_fastrtps_c.dir/rosidl_typesupport_fastrtps_c/dls2_msgs/msg/detail/blind_state_msg__type_support_c.cpp.o[0m
[ 58%] [32mBuilding CXX object CMakeFiles/dls2_msgs__rosidl_typesupport_fastrtps_c.dir/rosidl_typesupport_fastrtps_c/dls2_msgs/msg/detail/control_signal_msg__type_support_c.cpp.o[0m
[ 60%] [32mBuilding CXX object CMakeFiles/dls2_msgs__rosidl_typesupport_fastrtps_c.dir/rosidl_typesupport_fastrtps_c/dls2_msgs/msg/detail/base_state_msg__type_support_c.cpp.o[0m
[ 61%] [32mBuilding CXX object CMakeFiles/dls2_msgs__rosidl_typesupport_fastrtps_c.dir/rosidl_typesupport_fastrtps_c/dls2_msgs/msg/detail/trajectory_generator_msg__type_support_c.cpp.o[0m
[ 63%] [32m[1mLinking CXX shared library libdls2_msgs__rosidl_typesupport_cpp.so[0m
[ 63%] Built target dls2_msgs__rosidl_typesupport_c
[ 67%] [32mBuilding C object CMakeFiles/dls2_msgs__rosidl_typesupport_introspection_c.dir/rosidl_typesupport_introspection_c/dls2_msgs/msg/detail/trajectory_generator_msg__type_support.c.o[0m
[ 67%] [32mBuilding C object CMakeFiles/dls2_msgs__rosidl_typesupport_introspection_c.dir/rosidl_typesupport_introspection_c/dls2_msgs/msg/detail/control_signal_msg__type_support.c.o[0m
[ 69%] [32mBuilding C object CMakeFiles/dls2_msgs__rosidl_typesupport_introspection_c.dir/rosidl_typesupport_introspection_c/dls2_msgs/msg/detail/base_state_msg__type_support.c.o[0m
[ 70%] [32mBuilding C object CMakeFiles/dls2_msgs__rosidl_typesupport_introspection_c.dir/rosidl_typesupport_introspection_c/dls2_msgs/msg/detail/blind_state_msg__type_support.c.o[0m
[ 70%] Built target dls2_msgs__rosidl_typesupport_cpp
[ 72%] [32m[1mLinking C shared library libdls2_msgs__rosidl_typesupport_introspection_c.so[0m
[ 72%] Built target dls2_msgs__rosidl_typesupport_introspection_c
[ 74%] [32m[1mLinking CXX shared library libdls2_msgs__rosidl_typesupport_introspection_cpp.so[0m
[ 76%] [32m[1mLinking CXX shared library libdls2_msgs__rosidl_typesupport_fastrtps_cpp.so[0m
[ 76%] Built target dls2_msgs__rosidl_typesupport_introspection_cpp
[ 76%] Built target dls2_msgs__rosidl_typesupport_fastrtps_cpp
[ 78%] [32m[1mLinking CXX shared library libdls2_msgs__rosidl_typesupport_fastrtps_c.so[0m
[ 78%] Built target dls2_msgs__rosidl_typesupport_fastrtps_c
[ 78%] Built target dls2_msgs
[ 80%] [34m[1mGenerating Python code for ROS interfaces[0m
[ 80%] Built target dls2_msgs__py
[ 81%] [32mBuilding C object CMakeFiles/dls2_msgs__rosidl_generator_py.dir/rosidl_generator_py/dls2_msgs/msg/_blind_state_msg_s.c.o[0m
[ 83%] [32mBuilding C object CMakeFiles/dls2_msgs__rosidl_generator_py.dir/rosidl_generator_py/dls2_msgs/msg/_base_state_msg_s.c.o[0m
[ 85%] [32mBuilding C object CMakeFiles/dls2_msgs__rosidl_generator_py.dir/rosidl_generator_py/dls2_msgs/msg/_control_signal_msg_s.c.o[0m
[ 87%] [32mBuilding C object CMakeFiles/dls2_msgs__rosidl_generator_py.dir/rosidl_generator_py/dls2_msgs/msg/_trajectory_generator_msg_s.c.o[0m
[ 89%] [32m[1mLinking C shared library rosidl_generator_py/dls2_msgs/libdls2_msgs__rosidl_generator_py.so[0m
[ 89%] Built target dls2_msgs__rosidl_generator_py
[ 90%] [32mBuilding C object CMakeFiles/dls2_msgs__rosidl_typesupport_c__pyext.dir/rosidl_generator_py/dls2_msgs/_dls2_msgs_s.ep.rosidl_typesupport_c.c.o[0m
[ 92%] [32mBuilding C object CMakeFiles/dls2_msgs__rosidl_typesupport_fastrtps_c__pyext.dir/rosidl_generator_py/dls2_msgs/_dls2_msgs_s.ep.rosidl_typesupport_fastrtps_c.c.o[0m
[ 94%] [32mBuilding C object CMakeFiles/dls2_msgs__rosidl_typesupport_introspection_c__pyext.dir/rosidl_generator_py/dls2_msgs/_dls2_msgs_s.ep.rosidl_typesupport_introspection_c.c.o[0m
[ 96%] [32m[1mLinking C shared library rosidl_generator_py/dls2_msgs/dls2_msgs_s__rosidl_typesupport_introspection_c.cpython-310-x86_64-linux-gnu.so[0m
[ 98%] [32m[1mLinking C shared library rosidl_generator_py/dls2_msgs/dls2_msgs_s__rosidl_typesupport_fastrtps_c.cpython-310-x86_64-linux-gnu.so[0m
[100%] [32m[1mLinking C shared library rosidl_generator_py/dls2_msgs/dls2_msgs_s__rosidl_typesupport_c.cpython-310-x86_64-linux-gnu.so[0m
[100%] Built target dls2_msgs__rosidl_typesupport_introspection_c__pyext
[100%] Built target dls2_msgs__rosidl_typesupport_fastrtps_c__pyext
[100%] Built target dls2_msgs__rosidl_typesupport_c__pyext
-- Install configuration: ""
-- Installing: /home/iit.local/gturrisi/isaaclab_ws_home/quadruped_rl_collection/scripts/sim_to_others/ros2/msg_ws/install/dls2_msgs/share/ament_index/resource_index/rosidl_interfaces/dls2_msgs
-- Installing: /home/iit.local/gturrisi/isaaclab_ws_home/quadruped_rl_collection/scripts/sim_to_others/ros2/msg_ws/install/dls2_msgs/include/dls2_msgs/dls2_msgs
-- Installing: /home/iit.local/gturrisi/isaaclab_ws_home/quadruped_rl_collection/scripts/sim_to_others/ros2/msg_ws/install/dls2_msgs/include/dls2_msgs/dls2_msgs/msg
-- Installing: /home/iit.local/gturrisi/isaaclab_ws_home/quadruped_rl_collection/scripts/sim_to_others/ros2/msg_ws/install/dls2_msgs/include/dls2_msgs/dls2_msgs/msg/control_signal_msg.h
-- Installing: /home/iit.local/gturrisi/isaaclab_ws_home/quadruped_rl_collection/scripts/sim_to_others/ros2/msg_ws/install/dls2_msgs/include/dls2_msgs/dls2_msgs/msg/rosidl_generator_c__visibility_control.h
-- Installing: /home/iit.local/gturrisi/isaaclab_ws_home/quadruped_rl_collection/scripts/sim_to_others/ros2/msg_ws/install/dls2_msgs/include/dls2_msgs/dls2_msgs/msg/blind_state_msg.h
-- Installing: /home/iit.local/gturrisi/isaaclab_ws_home/quadruped_rl_collection/scripts/sim_to_others/ros2/msg_ws/install/dls2_msgs/include/dls2_msgs/dls2_msgs/msg/trajectory_generator_msg.h
-- Installing: /home/iit.local/gturrisi/isaaclab_ws_home/quadruped_rl_collection/scripts/sim_to_others/ros2/msg_ws/install/dls2_msgs/include/dls2_msgs/dls2_msgs/msg/detail
-- Installing: /home/iit.local/gturrisi/isaaclab_ws_home/quadruped_rl_collection/scripts/sim_to_others/ros2/msg_ws/install/dls2_msgs/include/dls2_msgs/dls2_msgs/msg/detail/control_signal_msg__functions.h
-- Installing: /home/iit.local/gturrisi/isaaclab_ws_home/quadruped_rl_collection/scripts/sim_to_others/ros2/msg_ws/install/dls2_msgs/include/dls2_msgs/dls2_msgs/msg/detail/base_state_msg__functions.c
-- Installing: /home/iit.local/gturrisi/isaaclab_ws_home/quadruped_rl_collection/scripts/sim_to_others/ros2/msg_ws/install/dls2_msgs/include/dls2_msgs/dls2_msgs/msg/detail/trajectory_generator_msg__functions.h
-- Installing: /home/iit.local/gturrisi/isaaclab_ws_home/quadruped_rl_collection/scripts/sim_to_others/ros2/msg_ws/install/dls2_msgs/include/dls2_msgs/dls2_msgs/msg/detail/blind_state_msg__functions.c
-- Installing: /home/iit.local/gturrisi/isaaclab_ws_home/quadruped_rl_collection/scripts/sim_to_others/ros2/msg_ws/install/dls2_msgs/include/dls2_msgs/dls2_msgs/msg/detail/base_state_msg__functions.h
-- Installing: /home/iit.local/gturrisi/isaaclab_ws_home/quadruped_rl_collection/scripts/sim_to_others/ros2/msg_ws/install/dls2_msgs/include/dls2_msgs/dls2_msgs/msg/detail/blind_state_msg__functions.h
-- Installing: /home/iit.local/gturrisi/isaaclab_ws_home/quadruped_rl_collection/scripts/sim_to_others/ros2/msg_ws/install/dls2_msgs/include/dls2_msgs/dls2_msgs/msg/detail/control_signal_msg__type_support.h
-- Installing: /home/iit.local/gturrisi/isaaclab_ws_home/quadruped_rl_collection/scripts/sim_to_others/ros2/msg_ws/install/dls2_msgs/include/dls2_msgs/dls2_msgs/msg/detail/trajectory_generator_msg__type_support.h
-- Installing: /home/iit.local/gturrisi/isaaclab_ws_home/quadruped_rl_collection/scripts/sim_to_others/ros2/msg_ws/install/dls2_msgs/include/dls2_msgs/dls2_msgs/msg/detail/blind_state_msg__struct.h
-- Installing: /home/iit.local/gturrisi/isaaclab_ws_home/quadruped_rl_collection/scripts/sim_to_others/ros2/msg_ws/install/dls2_msgs/include/dls2_msgs/dls2_msgs/msg/detail/trajectory_generator_msg__struct.h
-- Installing: /home/iit.local/gturrisi/isaaclab_ws_home/quadruped_rl_collection/scripts/sim_to_others/ros2/msg_ws/install/dls2_msgs/include/dls2_msgs/dls2_msgs/msg/detail/base_state_msg__type_support.h
-- Installing: /home/iit.local/gturrisi/isaaclab_ws_home/quadruped_rl_collection/scripts/sim_to_others/ros2/msg_ws/install/dls2_msgs/include/dls2_msgs/dls2_msgs/msg/detail/control_signal_msg__struct.h
-- Installing: /home/iit.local/gturrisi/isaaclab_ws_home/quadruped_rl_collection/scripts/sim_to_others/ros2/msg_ws/install/dls2_msgs/include/dls2_msgs/dls2_msgs/msg/detail/base_state_msg__struct.h
-- Installing: /home/iit.local/gturrisi/isaaclab_ws_home/quadruped_rl_collection/scripts/sim_to_others/ros2/msg_ws/install/dls2_msgs/include/dls2_msgs/dls2_msgs/msg/detail/trajectory_generator_msg__functions.c
-- Installing: /home/iit.local/gturrisi/isaaclab_ws_home/quadruped_rl_collection/scripts/sim_to_others/ros2/msg_ws/install/dls2_msgs/include/dls2_msgs/dls2_msgs/msg/detail/control_signal_msg__functions.c
-- Installing: /home/iit.local/gturrisi/isaaclab_ws_home/quadruped_rl_collection/scripts/sim_to_others/ros2/msg_ws/install/dls2_msgs/include/dls2_msgs/dls2_msgs/msg/detail/blind_state_msg__type_support.h
-- Installing: /home/iit.local/gturrisi/isaaclab_ws_home/quadruped_rl_collection/scripts/sim_to_others/ros2/msg_ws/install/dls2_msgs/include/dls2_msgs/dls2_msgs/msg/base_state_msg.h
-- Installing: /home/iit.local/gturrisi/isaaclab_ws_home/quadruped_rl_collection/scripts/sim_to_others/ros2/msg_ws/install/dls2_msgs/lib/libdls2_msgs__rosidl_generator_c.so
-- Up-to-date: /home/iit.local/gturrisi/isaaclab_ws_home/quadruped_rl_collection/scripts/sim_to_others/ros2/msg_ws/install/dls2_msgs/include/dls2_msgs/dls2_msgs
-- Up-to-date: /home/iit.local/gturrisi/isaaclab_ws_home/quadruped_rl_collection/scripts/sim_to_others/ros2/msg_ws/install/dls2_msgs/include/dls2_msgs/dls2_msgs/msg
-- Installing: /home/iit.local/gturrisi/isaaclab_ws_home/quadruped_rl_collection/scripts/sim_to_others/ros2/msg_ws/install/dls2_msgs/include/dls2_msgs/dls2_msgs/msg/rosidl_typesupport_fastrtps_c__visibility_control.h
-- Up-to-date: /home/iit.local/gturrisi/isaaclab_ws_home/quadruped_rl_collection/scripts/sim_to_others/ros2/msg_ws/install/dls2_msgs/include/dls2_msgs/dls2_msgs/msg/detail
-- Installing: /home/iit.local/gturrisi/isaaclab_ws_home/quadruped_rl_collection/scripts/sim_to_others/ros2/msg_ws/install/dls2_msgs/include/dls2_msgs/dls2_msgs/msg/detail/control_signal_msg__rosidl_typesupport_fastrtps_c.h
-- Installing: /home/iit.local/gturrisi/isaaclab_ws_home/quadruped_rl_collection/scripts/sim_to_others/ros2/msg_ws/install/dls2_msgs/include/dls2_msgs/dls2_msgs/msg/detail/trajectory_generator_msg__rosidl_typesupport_fastrtps_c.h
-- Installing: /home/iit.local/gturrisi/isaaclab_ws_home/quadruped_rl_collection/scripts/sim_to_others/ros2/msg_ws/install/dls2_msgs/include/dls2_msgs/dls2_msgs/msg/detail/blind_state_msg__rosidl_typesupport_fastrtps_c.h
-- Installing: /home/iit.local/gturrisi/isaaclab_ws_home/quadruped_rl_collection/scripts/sim_to_others/ros2/msg_ws/install/dls2_msgs/include/dls2_msgs/dls2_msgs/msg/detail/base_state_msg__rosidl_typesupport_fastrtps_c.h
-- Installing: /home/iit.local/gturrisi/isaaclab_ws_home/quadruped_rl_collection/scripts/sim_to_others/ros2/msg_ws/install/dls2_msgs/lib/libdls2_msgs__rosidl_typesupport_fastrtps_c.so
-- Set runtime path of "/home/iit.local/gturrisi/isaaclab_ws_home/quadruped_rl_collection/scripts/sim_to_others/ros2/msg_ws/install/dls2_msgs/lib/libdls2_msgs__rosidl_typesupport_fastrtps_c.so" to ""
-- Up-to-date: /home/iit.local/gturrisi/isaaclab_ws_home/quadruped_rl_collection/scripts/sim_to_others/ros2/msg_ws/install/dls2_msgs/include/dls2_msgs/dls2_msgs
-- Up-to-date: /home/iit.local/gturrisi/isaaclab_ws_home/quadruped_rl_collection/scripts/sim_to_others/ros2/msg_ws/install/dls2_msgs/include/dls2_msgs/dls2_msgs/msg
-- Up-to-date: /home/iit.local/gturrisi/isaaclab_ws_home/quadruped_rl_collection/scripts/sim_to_others/ros2/msg_ws/install/dls2_msgs/include/dls2_msgs/dls2_msgs/msg/detail
-- Installing: /home/iit.local/gturrisi/isaaclab_ws_home/quadruped_rl_collection/scripts/sim_to_others/ros2/msg_ws/install/dls2_msgs/include/dls2_msgs/dls2_msgs/msg/detail/blind_state_msg__rosidl_typesupport_introspection_c.h
-- Installing: /home/iit.local/gturrisi/isaaclab_ws_home/quadruped_rl_collection/scripts/sim_to_others/ros2/msg_ws/install/dls2_msgs/include/dls2_msgs/dls2_msgs/msg/detail/control_signal_msg__rosidl_typesupport_introspection_c.h
-- Installing: /home/iit.local/gturrisi/isaaclab_ws_home/quadruped_rl_collection/scripts/sim_to_others/ros2/msg_ws/install/dls2_msgs/include/dls2_msgs/dls2_msgs/msg/detail/base_state_msg__type_support.c
-- Installing: /home/iit.local/gturrisi/isaaclab_ws_home/quadruped_rl_collection/scripts/sim_to_others/ros2/msg_ws/install/dls2_msgs/include/dls2_msgs/dls2_msgs/msg/detail/control_signal_msg__type_support.c
-- Installing: /home/iit.local/gturrisi/isaaclab_ws_home/quadruped_rl_collection/scripts/sim_to_others/ros2/msg_ws/install/dls2_msgs/include/dls2_msgs/dls2_msgs/msg/detail/base_state_msg__rosidl_typesupport_introspection_c.h
-- Installing: /home/iit.local/gturrisi/isaaclab_ws_home/quadruped_rl_collection/scripts/sim_to_others/ros2/msg_ws/install/dls2_msgs/include/dls2_msgs/dls2_msgs/msg/detail/blind_state_msg__type_support.c
-- Installing: /home/iit.local/gturrisi/isaaclab_ws_home/quadruped_rl_collection/scripts/sim_to_others/ros2/msg_ws/install/dls2_msgs/include/dls2_msgs/dls2_msgs/msg/detail/trajectory_generator_msg__rosidl_typesupport_introspection_c.h
-- Installing: /home/iit.local/gturrisi/isaaclab_ws_home/quadruped_rl_collection/scripts/sim_to_others/ros2/msg_ws/install/dls2_msgs/include/dls2_msgs/dls2_msgs/msg/detail/trajectory_generator_msg__type_support.c
-- Installing: /home/iit.local/gturrisi/isaaclab_ws_home/quadruped_rl_collection/scripts/sim_to_others/ros2/msg_ws/install/dls2_msgs/include/dls2_msgs/dls2_msgs/msg/rosidl_typesupport_introspection_c__visibility_control.h
-- Installing: /home/iit.local/gturrisi/isaaclab_ws_home/quadruped_rl_collection/scripts/sim_to_others/ros2/msg_ws/install/dls2_msgs/lib/libdls2_msgs__rosidl_typesupport_introspection_c.so
-- Set runtime path of "/home/iit.local/gturrisi/isaaclab_ws_home/quadruped_rl_collection/scripts/sim_to_others/ros2/msg_ws/install/dls2_msgs/lib/libdls2_msgs__rosidl_typesupport_introspection_c.so" to ""
-- Installing: /home/iit.local/gturrisi/isaaclab_ws_home/quadruped_rl_collection/scripts/sim_to_others/ros2/msg_ws/install/dls2_msgs/lib/libdls2_msgs__rosidl_typesupport_c.so
-- Set runtime path of "/home/iit.local/gturrisi/isaaclab_ws_home/quadruped_rl_collection/scripts/sim_to_others/ros2/msg_ws/install/dls2_msgs/lib/libdls2_msgs__rosidl_typesupport_c.so" to ""
-- Up-to-date: /home/iit.local/gturrisi/isaaclab_ws_home/quadruped_rl_collection/scripts/sim_to_others/ros2/msg_ws/install/dls2_msgs/include/dls2_msgs/dls2_msgs
-- Up-to-date: /home/iit.local/gturrisi/isaaclab_ws_home/quadruped_rl_collection/scripts/sim_to_others/ros2/msg_ws/install/dls2_msgs/include/dls2_msgs/dls2_msgs/msg
-- Installing: /home/iit.local/gturrisi/isaaclab_ws_home/quadruped_rl_collection/scripts/sim_to_others/ros2/msg_ws/install/dls2_msgs/include/dls2_msgs/dls2_msgs/msg/blind_state_msg.hpp
-- Installing: /home/iit.local/gturrisi/isaaclab_ws_home/quadruped_rl_collection/scripts/sim_to_others/ros2/msg_ws/install/dls2_msgs/include/dls2_msgs/dls2_msgs/msg/base_state_msg.hpp
-- Installing: /home/iit.local/gturrisi/isaaclab_ws_home/quadruped_rl_collection/scripts/sim_to_others/ros2/msg_ws/install/dls2_msgs/include/dls2_msgs/dls2_msgs/msg/trajectory_generator_msg.hpp
-- Up-to-date: /home/iit.local/gturrisi/isaaclab_ws_home/quadruped_rl_collection/scripts/sim_to_others/ros2/msg_ws/install/dls2_msgs/include/dls2_msgs/dls2_msgs/msg/detail
-- Installing: /home/iit.local/gturrisi/isaaclab_ws_home/quadruped_rl_collection/scripts/sim_to_others/ros2/msg_ws/install/dls2_msgs/include/dls2_msgs/dls2_msgs/msg/detail/blind_state_msg__struct.hpp
-- Installing: /home/iit.local/gturrisi/isaaclab_ws_home/quadruped_rl_collection/scripts/sim_to_others/ros2/msg_ws/install/dls2_msgs/include/dls2_msgs/dls2_msgs/msg/detail/blind_state_msg__traits.hpp
-- Installing: /home/iit.local/gturrisi/isaaclab_ws_home/quadruped_rl_collection/scripts/sim_to_others/ros2/msg_ws/install/dls2_msgs/include/dls2_msgs/dls2_msgs/msg/detail/base_state_msg__builder.hpp
-- Installing: /home/iit.local/gturrisi/isaaclab_ws_home/quadruped_rl_collection/scripts/sim_to_others/ros2/msg_ws/install/dls2_msgs/include/dls2_msgs/dls2_msgs/msg/detail/blind_state_msg__builder.hpp
-- Installing: /home/iit.local/gturrisi/isaaclab_ws_home/quadruped_rl_collection/scripts/sim_to_others/ros2/msg_ws/install/dls2_msgs/include/dls2_msgs/dls2_msgs/msg/detail/base_state_msg__struct.hpp
-- Installing: /home/iit.local/gturrisi/isaaclab_ws_home/quadruped_rl_collection/scripts/sim_to_others/ros2/msg_ws/install/dls2_msgs/include/dls2_msgs/dls2_msgs/msg/detail/trajectory_generator_msg__builder.hpp
-- Installing: /home/iit.local/gturrisi/isaaclab_ws_home/quadruped_rl_collection/scripts/sim_to_others/ros2/msg_ws/install/dls2_msgs/include/dls2_msgs/dls2_msgs/msg/detail/trajectory_generator_msg__struct.hpp
-- Installing: /home/iit.local/gturrisi/isaaclab_ws_home/quadruped_rl_collection/scripts/sim_to_others/ros2/msg_ws/install/dls2_msgs/include/dls2_msgs/dls2_msgs/msg/detail/trajectory_generator_msg__traits.hpp
-- Installing: /home/iit.local/gturrisi/isaaclab_ws_home/quadruped_rl_collection/scripts/sim_to_others/ros2/msg_ws/install/dls2_msgs/include/dls2_msgs/dls2_msgs/msg/detail/base_state_msg__traits.hpp
-- Installing: /home/iit.local/gturrisi/isaaclab_ws_home/quadruped_rl_collection/scripts/sim_to_others/ros2/msg_ws/install/dls2_msgs/include/dls2_msgs/dls2_msgs/msg/detail/control_signal_msg__builder.hpp
-- Installing: /home/iit.local/gturrisi/isaaclab_ws_home/quadruped_rl_collection/scripts/sim_to_others/ros2/msg_ws/install/dls2_msgs/include/dls2_msgs/dls2_msgs/msg/detail/control_signal_msg__traits.hpp
-- Installing: /home/iit.local/gturrisi/isaaclab_ws_home/quadruped_rl_collection/scripts/sim_to_others/ros2/msg_ws/install/dls2_msgs/include/dls2_msgs/dls2_msgs/msg/detail/control_signal_msg__struct.hpp
-- Installing: /home/iit.local/gturrisi/isaaclab_ws_home/quadruped_rl_collection/scripts/sim_to_others/ros2/msg_ws/install/dls2_msgs/include/dls2_msgs/dls2_msgs/msg/control_signal_msg.hpp
-- Up-to-date: /home/iit.local/gturrisi/isaaclab_ws_home/quadruped_rl_collection/scripts/sim_to_others/ros2/msg_ws/install/dls2_msgs/include/dls2_msgs/dls2_msgs
-- Up-to-date: /home/iit.local/gturrisi/isaaclab_ws_home/quadruped_rl_collection/scripts/sim_to_others/ros2/msg_ws/install/dls2_msgs/include/dls2_msgs/dls2_msgs/msg
-- Installing: /home/iit.local/gturrisi/isaaclab_ws_home/quadruped_rl_collection/scripts/sim_to_others/ros2/msg_ws/install/dls2_msgs/include/dls2_msgs/dls2_msgs/msg/rosidl_typesupport_fastrtps_cpp__visibility_control.h
-- Up-to-date: /home/iit.local/gturrisi/isaaclab_ws_home/quadruped_rl_collection/scripts/sim_to_others/ros2/msg_ws/install/dls2_msgs/include/dls2_msgs/dls2_msgs/msg/detail
-- Installing: /home/iit.local/gturrisi/isaaclab_ws_home/quadruped_rl_collection/scripts/sim_to_others/ros2/msg_ws/install/dls2_msgs/include/dls2_msgs/dls2_msgs/msg/detail/blind_state_msg__rosidl_typesupport_fastrtps_cpp.hpp
-- Installing: /home/iit.local/gturrisi/isaaclab_ws_home/quadruped_rl_collection/scripts/sim_to_others/ros2/msg_ws/install/dls2_msgs/include/dls2_msgs/dls2_msgs/msg/detail/dds_fastrtps
-- Installing: /home/iit.local/gturrisi/isaaclab_ws_home/quadruped_rl_collection/scripts/sim_to_others/ros2/msg_ws/install/dls2_msgs/include/dls2_msgs/dls2_msgs/msg/detail/trajectory_generator_msg__rosidl_typesupport_fastrtps_cpp.hpp
-- Installing: /home/iit.local/gturrisi/isaaclab_ws_home/quadruped_rl_collection/scripts/sim_to_others/ros2/msg_ws/install/dls2_msgs/include/dls2_msgs/dls2_msgs/msg/detail/control_signal_msg__rosidl_typesupport_fastrtps_cpp.hpp
-- Installing: /home/iit.local/gturrisi/isaaclab_ws_home/quadruped_rl_collection/scripts/sim_to_others/ros2/msg_ws/install/dls2_msgs/include/dls2_msgs/dls2_msgs/msg/detail/base_state_msg__rosidl_typesupport_fastrtps_cpp.hpp
-- Installing: /home/iit.local/gturrisi/isaaclab_ws_home/quadruped_rl_collection/scripts/sim_to_others/ros2/msg_ws/install/dls2_msgs/lib/libdls2_msgs__rosidl_typesupport_fastrtps_cpp.so
-- Up-to-date: /home/iit.local/gturrisi/isaaclab_ws_home/quadruped_rl_collection/scripts/sim_to_others/ros2/msg_ws/install/dls2_msgs/include/dls2_msgs/dls2_msgs
-- Up-to-date: /home/iit.local/gturrisi/isaaclab_ws_home/quadruped_rl_collection/scripts/sim_to_others/ros2/msg_ws/install/dls2_msgs/include/dls2_msgs/dls2_msgs/msg
-- Up-to-date: /home/iit.local/gturrisi/isaaclab_ws_home/quadruped_rl_collection/scripts/sim_to_others/ros2/msg_ws/install/dls2_msgs/include/dls2_msgs/dls2_msgs/msg/detail
-- Installing: /home/iit.local/gturrisi/isaaclab_ws_home/quadruped_rl_collection/scripts/sim_to_others/ros2/msg_ws/install/dls2_msgs/include/dls2_msgs/dls2_msgs/msg/detail/control_signal_msg__type_support.cpp
-- Installing: /home/iit.local/gturrisi/isaaclab_ws_home/quadruped_rl_collection/scripts/sim_to_others/ros2/msg_ws/install/dls2_msgs/include/dls2_msgs/dls2_msgs/msg/detail/base_state_msg__rosidl_typesupport_introspection_cpp.hpp
-- Installing: /home/iit.local/gturrisi/isaaclab_ws_home/quadruped_rl_collection/scripts/sim_to_others/ros2/msg_ws/install/dls2_msgs/include/dls2_msgs/dls2_msgs/msg/detail/blind_state_msg__type_support.cpp
-- Installing: /home/iit.local/gturrisi/isaaclab_ws_home/quadruped_rl_collection/scripts/sim_to_others/ros2/msg_ws/install/dls2_msgs/include/dls2_msgs/dls2_msgs/msg/detail/trajectory_generator_msg__type_support.cpp
-- Installing: /home/iit.local/gturrisi/isaaclab_ws_home/quadruped_rl_collection/scripts/sim_to_others/ros2/msg_ws/install/dls2_msgs/include/dls2_msgs/dls2_msgs/msg/detail/base_state_msg__type_support.cpp
-- Installing: /home/iit.local/gturrisi/isaaclab_ws_home/quadruped_rl_collection/scripts/sim_to_others/ros2/msg_ws/install/dls2_msgs/include/dls2_msgs/dls2_msgs/msg/detail/trajectory_generator_msg__rosidl_typesupport_introspection_cpp.hpp
-- Installing: /home/iit.local/gturrisi/isaaclab_ws_home/quadruped_rl_collection/scripts/sim_to_others/ros2/msg_ws/install/dls2_msgs/include/dls2_msgs/dls2_msgs/msg/detail/control_signal_msg__rosidl_typesupport_introspection_cpp.hpp
-- Installing: /home/iit.local/gturrisi/isaaclab_ws_home/quadruped_rl_collection/scripts/sim_to_others/ros2/msg_ws/install/dls2_msgs/include/dls2_msgs/dls2_msgs/msg/detail/blind_state_msg__rosidl_typesupport_introspection_cpp.hpp
-- Installing: /home/iit.local/gturrisi/isaaclab_ws_home/quadruped_rl_collection/scripts/sim_to_others/ros2/msg_ws/install/dls2_msgs/lib/libdls2_msgs__rosidl_typesupport_introspection_cpp.so
-- Installing: /home/iit.local/gturrisi/isaaclab_ws_home/quadruped_rl_collection/scripts/sim_to_others/ros2/msg_ws/install/dls2_msgs/lib/libdls2_msgs__rosidl_typesupport_cpp.so
-- Installing: /home/iit.local/gturrisi/isaaclab_ws_home/quadruped_rl_collection/scripts/sim_to_others/ros2/msg_ws/install/dls2_msgs/share/dls2_msgs/environment/pythonpath.sh
-- Installing: /home/iit.local/gturrisi/isaaclab_ws_home/quadruped_rl_collection/scripts/sim_to_others/ros2/msg_ws/install/dls2_msgs/share/dls2_msgs/environment/pythonpath.dsv
-- Installing: /home/iit.local/gturrisi/isaaclab_ws_home/quadruped_rl_collection/scripts/sim_to_others/ros2/msg_ws/install/dls2_msgs/lib/python3.10/site-packages/dls2_msgs-0.0.0-py3.10.egg-info
-- Installing: /home/iit.local/gturrisi/isaaclab_ws_home/quadruped_rl_collection/scripts/sim_to_others/ros2/msg_ws/install/dls2_msgs/lib/python3.10/site-packages/dls2_msgs-0.0.0-py3.10.egg-info/SOURCES.txt
-- Installing: /home/iit.local/gturrisi/isaaclab_ws_home/quadruped_rl_collection/scripts/sim_to_others/ros2/msg_ws/install/dls2_msgs/lib/python3.10/site-packages/dls2_msgs-0.0.0-py3.10.egg-info/top_level.txt
-- Installing: /home/iit.local/gturrisi/isaaclab_ws_home/quadruped_rl_collection/scripts/sim_to_others/ros2/msg_ws/install/dls2_msgs/lib/python3.10/site-packages/dls2_msgs-0.0.0-py3.10.egg-info/dependency_links.txt
-- Installing: /home/iit.local/gturrisi/isaaclab_ws_home/quadruped_rl_collection/scripts/sim_to_others/ros2/msg_ws/install/dls2_msgs/lib/python3.10/site-packages/dls2_msgs-0.0.0-py3.10.egg-info/PKG-INFO
-- Installing: /home/iit.local/gturrisi/isaaclab_ws_home/quadruped_rl_collection/scripts/sim_to_others/ros2/msg_ws/install/dls2_msgs/lib/python3.10/site-packages/dls2_msgs
-- Installing: /home/iit.local/gturrisi/isaaclab_ws_home/quadruped_rl_collection/scripts/sim_to_others/ros2/msg_ws/install/dls2_msgs/lib/python3.10/site-packages/dls2_msgs/dls2_msgs_s__rosidl_typesupport_fastrtps_c.cpython-310-x86_64-linux-gnu.so
-- Installing: /home/iit.local/gturrisi/isaaclab_ws_home/quadruped_rl_collection/scripts/sim_to_others/ros2/msg_ws/install/dls2_msgs/lib/python3.10/site-packages/dls2_msgs/_dls2_msgs_s.ep.rosidl_typesupport_fastrtps_c.c
-- Installing: /home/iit.local/gturrisi/isaaclab_ws_home/quadruped_rl_collection/scripts/sim_to_others/ros2/msg_ws/install/dls2_msgs/lib/python3.10/site-packages/dls2_msgs/dls2_msgs_s__rosidl_typesupport_introspection_c.cpython-310-x86_64-linux-gnu.so
-- Installing: /home/iit.local/gturrisi/isaaclab_ws_home/quadruped_rl_collection/scripts/sim_to_others/ros2/msg_ws/install/dls2_msgs/lib/python3.10/site-packages/dls2_msgs/msg
-- Installing: /home/iit.local/gturrisi/isaaclab_ws_home/quadruped_rl_collection/scripts/sim_to_others/ros2/msg_ws/install/dls2_msgs/lib/python3.10/site-packages/dls2_msgs/msg/_trajectory_generator_msg_s.c
-- Installing: /home/iit.local/gturrisi/isaaclab_ws_home/quadruped_rl_collection/scripts/sim_to_others/ros2/msg_ws/install/dls2_msgs/lib/python3.10/site-packages/dls2_msgs/msg/_control_signal_msg.py
-- Installing: /home/iit.local/gturrisi/isaaclab_ws_home/quadruped_rl_collection/scripts/sim_to_others/ros2/msg_ws/install/dls2_msgs/lib/python3.10/site-packages/dls2_msgs/msg/_base_state_msg_s.c
-- Installing: /home/iit.local/gturrisi/isaaclab_ws_home/quadruped_rl_collection/scripts/sim_to_others/ros2/msg_ws/install/dls2_msgs/lib/python3.10/site-packages/dls2_msgs/msg/_trajectory_generator_msg.py
-- Installing: /home/iit.local/gturrisi/isaaclab_ws_home/quadruped_rl_collection/scripts/sim_to_others/ros2/msg_ws/install/dls2_msgs/lib/python3.10/site-packages/dls2_msgs/msg/_base_state_msg.py
-- Installing: /home/iit.local/gturrisi/isaaclab_ws_home/quadruped_rl_collection/scripts/sim_to_others/ros2/msg_ws/install/dls2_msgs/lib/python3.10/site-packages/dls2_msgs/msg/_control_signal_msg_s.c
-- Installing: /home/iit.local/gturrisi/isaaclab_ws_home/quadruped_rl_collection/scripts/sim_to_others/ros2/msg_ws/install/dls2_msgs/lib/python3.10/site-packages/dls2_msgs/msg/_blind_state_msg_s.c
-- Installing: /home/iit.local/gturrisi/isaaclab_ws_home/quadruped_rl_collection/scripts/sim_to_others/ros2/msg_ws/install/dls2_msgs/lib/python3.10/site-packages/dls2_msgs/msg/__init__.py
-- Installing: /home/iit.local/gturrisi/isaaclab_ws_home/quadruped_rl_collection/scripts/sim_to_others/ros2/msg_ws/install/dls2_msgs/lib/python3.10/site-packages/dls2_msgs/msg/_blind_state_msg.py
-- Installing: /home/iit.local/gturrisi/isaaclab_ws_home/quadruped_rl_collection/scripts/sim_to_others/ros2/msg_ws/install/dls2_msgs/lib/python3.10/site-packages/dls2_msgs/libdls2_msgs__rosidl_generator_py.so
-- Installing: /home/iit.local/gturrisi/isaaclab_ws_home/quadruped_rl_collection/scripts/sim_to_others/ros2/msg_ws/install/dls2_msgs/lib/python3.10/site-packages/dls2_msgs/__init__.py
-- Installing: /home/iit.local/gturrisi/isaaclab_ws_home/quadruped_rl_collection/scripts/sim_to_others/ros2/msg_ws/install/dls2_msgs/lib/python3.10/site-packages/dls2_msgs/_dls2_msgs_s.ep.rosidl_typesupport_introspection_c.c
-- Installing: /home/iit.local/gturrisi/isaaclab_ws_home/quadruped_rl_collection/scripts/sim_to_others/ros2/msg_ws/install/dls2_msgs/lib/python3.10/site-packages/dls2_msgs/_dls2_msgs_s.ep.rosidl_typesupport_c.c
-- Installing: /home/iit.local/gturrisi/isaaclab_ws_home/quadruped_rl_collection/scripts/sim_to_others/ros2/msg_ws/install/dls2_msgs/lib/python3.10/site-packages/dls2_msgs/dls2_msgs_s__rosidl_typesupport_c.cpython-310-x86_64-linux-gnu.so
Listing 'lib/python3.10/site-packages/dls2_msgs'...
Can't list 'lib/python3.10/site-packages/dls2_msgs'
-- Installing: /home/iit.local/gturrisi/isaaclab_ws_home/quadruped_rl_collection/scripts/sim_to_others/ros2/msg_ws/install/dls2_msgs/lib/python3.10/site-packages/dls2_msgs/dls2_msgs_s__rosidl_typesupport_fastrtps_c.cpython-310-x86_64-linux-gnu.so
-- Set runtime path of "/home/iit.local/gturrisi/isaaclab_ws_home/quadruped_rl_collection/scripts/sim_to_others/ros2/msg_ws/install/dls2_msgs/lib/python3.10/site-packages/dls2_msgs/dls2_msgs_s__rosidl_typesupport_fastrtps_c.cpython-310-x86_64-linux-gnu.so" to ""
-- Installing: /home/iit.local/gturrisi/isaaclab_ws_home/quadruped_rl_collection/scripts/sim_to_others/ros2/msg_ws/install/dls2_msgs/lib/python3.10/site-packages/dls2_msgs/dls2_msgs_s__rosidl_typesupport_introspection_c.cpython-310-x86_64-linux-gnu.so
-- Set runtime path of "/home/iit.local/gturrisi/isaaclab_ws_home/quadruped_rl_collection/scripts/sim_to_others/ros2/msg_ws/install/dls2_msgs/lib/python3.10/site-packages/dls2_msgs/dls2_msgs_s__rosidl_typesupport_introspection_c.cpython-310-x86_64-linux-gnu.so" to ""
-- Installing: /home/iit.local/gturrisi/isaaclab_ws_home/quadruped_rl_collection/scripts/sim_to_others/ros2/msg_ws/install/dls2_msgs/lib/python3.10/site-packages/dls2_msgs/dls2_msgs_s__rosidl_typesupport_c.cpython-310-x86_64-linux-gnu.so
-- Set runtime path of "/home/iit.local/gturrisi/isaaclab_ws_home/quadruped_rl_collection/scripts/sim_to_others/ros2/msg_ws/install/dls2_msgs/lib/python3.10/site-packages/dls2_msgs/dls2_msgs_s__rosidl_typesupport_c.cpython-310-x86_64-linux-gnu.so" to ""
-- Installing: /home/iit.local/gturrisi/isaaclab_ws_home/quadruped_rl_collection/scripts/sim_to_others/ros2/msg_ws/install/dls2_msgs/lib/libdls2_msgs__rosidl_generator_py.so
-- Set runtime path of "/home/iit.local/gturrisi/isaaclab_ws_home/quadruped_rl_collection/scripts/sim_to_others/ros2/msg_ws/install/dls2_msgs/lib/libdls2_msgs__rosidl_generator_py.so" to ""
-- Installing: /home/iit.local/gturrisi/isaaclab_ws_home/quadruped_rl_collection/scripts/sim_to_others/ros2/msg_ws/install/dls2_msgs/share/dls2_msgs/msg/BlindStateMsg.idl
-- Installing: /home/iit.local/gturrisi/isaaclab_ws_home/quadruped_rl_collection/scripts/sim_to_others/ros2/msg_ws/install/dls2_msgs/share/dls2_msgs/msg/BaseStateMsg.idl
-- Installing: /home/iit.local/gturrisi/isaaclab_ws_home/quadruped_rl_collection/scripts/sim_to_others/ros2/msg_ws/install/dls2_msgs/share/dls2_msgs/msg/ControlSignalMsg.idl
-- Installing: /home/iit.local/gturrisi/isaaclab_ws_home/quadruped_rl_collection/scripts/sim_to_others/ros2/msg_ws/install/dls2_msgs/share/dls2_msgs/msg/TrajectoryGeneratorMsg.idl
-- Installing: /home/iit.local/gturrisi/isaaclab_ws_home/quadruped_rl_collection/scripts/sim_to_others/ros2/msg_ws/install/dls2_msgs/share/dls2_msgs/msg/BlindStateMsg.msg
-- Installing: /home/iit.local/gturrisi/isaaclab_ws_home/quadruped_rl_collection/scripts/sim_to_others/ros2/msg_ws/install/dls2_msgs/share/dls2_msgs/msg/BaseStateMsg.msg
-- Installing: /home/iit.local/gturrisi/isaaclab_ws_home/quadruped_rl_collection/scripts/sim_to_others/ros2/msg_ws/install/dls2_msgs/share/dls2_msgs/msg/ControlSignalMsg.msg
-- Installing: /home/iit.local/gturrisi/isaaclab_ws_home/quadruped_rl_collection/scripts/sim_to_others/ros2/msg_ws/install/dls2_msgs/share/dls2_msgs/msg/TrajectoryGeneratorMsg.msg
-- Installing: /home/iit.local/gturrisi/isaaclab_ws_home/quadruped_rl_collection/scripts/sim_to_others/ros2/msg_ws/install/dls2_msgs/share/ament_index/resource_index/package_run_dependencies/dls2_msgs
-- Installing: /home/iit.local/gturrisi/isaaclab_ws_home/quadruped_rl_collection/scripts/sim_to_others/ros2/msg_ws/install/dls2_msgs/share/ament_index/resource_index/parent_prefix_path/dls2_msgs
-- Installing: /home/iit.local/gturrisi/isaaclab_ws_home/quadruped_rl_collection/scripts/sim_to_others/ros2/msg_ws/install/dls2_msgs/share/dls2_msgs/environment/ament_prefix_path.sh
-- Installing: /home/iit.local/gturrisi/isaaclab_ws_home/quadruped_rl_collection/scripts/sim_to_others/ros2/msg_ws/install/dls2_msgs/share/dls2_msgs/environment/ament_prefix_path.dsv
-- Installing: /home/iit.local/gturrisi/isaaclab_ws_home/quadruped_rl_collection/scripts/sim_to_others/ros2/msg_ws/install/dls2_msgs/share/dls2_msgs/environment/path.sh
-- Installing: /home/iit.local/gturrisi/isaaclab_ws_home/quadruped_rl_collection/scripts/sim_to_others/ros2/msg_ws/install/dls2_msgs/share/dls2_msgs/environment/path.dsv
-- Installing: /home/iit.local/gturrisi/isaaclab_ws_home/quadruped_rl_collection/scripts/sim_to_others/ros2/msg_ws/install/dls2_msgs/share/dls2_msgs/local_setup.bash
-- Installing: /home/iit.local/gturrisi/isaaclab_ws_home/quadruped_rl_collection/scripts/sim_to_others/ros2/msg_ws/install/dls2_msgs/share/dls2_msgs/local_setup.sh
-- Installing: /home/iit.local/gturrisi/isaaclab_ws_home/quadruped_rl_collection/scripts/sim_to_others/ros2/msg_ws/install/dls2_msgs/share/dls2_msgs/local_setup.zsh
-- Installing: /home/iit.local/gturrisi/isaaclab_ws_home/quadruped_rl_collection/scripts/sim_to_others/ros2/msg_ws/install/dls2_msgs/share/dls2_msgs/local_setup.dsv
-- Installing: /home/iit.local/gturrisi/isaaclab_ws_home/quadruped_rl_collection/scripts/sim_to_others/ros2/msg_ws/install/dls2_msgs/share/dls2_msgs/package.dsv
-- Installing: /home/iit.local/gturrisi/isaaclab_ws_home/quadruped_rl_collection/scripts/sim_to_others/ros2/msg_ws/install/dls2_msgs/share/ament_index/resource_index/packages/dls2_msgs
-- Installing: /home/iit.local/gturrisi/isaaclab_ws_home/quadruped_rl_collection/scripts/sim_to_others/ros2/msg_ws/install/dls2_msgs/share/dls2_msgs/cmake/export_dls2_msgs__rosidl_generator_cExport.cmake
-- Installing: /home/iit.local/gturrisi/isaaclab_ws_home/quadruped_rl_collection/scripts/sim_to_others/ros2/msg_ws/install/dls2_msgs/share/dls2_msgs/cmake/export_dls2_msgs__rosidl_generator_cExport-noconfig.cmake
-- Installing: /home/iit.local/gturrisi/isaaclab_ws_home/quadruped_rl_collection/scripts/sim_to_others/ros2/msg_ws/install/dls2_msgs/share/dls2_msgs/cmake/export_dls2_msgs__rosidl_typesupport_fastrtps_cExport.cmake
-- Installing: /home/iit.local/gturrisi/isaaclab_ws_home/quadruped_rl_collection/scripts/sim_to_others/ros2/msg_ws/install/dls2_msgs/share/dls2_msgs/cmake/export_dls2_msgs__rosidl_typesupport_fastrtps_cExport-noconfig.cmake
-- Installing: /home/iit.local/gturrisi/isaaclab_ws_home/quadruped_rl_collection/scripts/sim_to_others/ros2/msg_ws/install/dls2_msgs/share/dls2_msgs/cmake/dls2_msgs__rosidl_typesupport_introspection_cExport.cmake
-- Installing: /home/iit.local/gturrisi/isaaclab_ws_home/quadruped_rl_collection/scripts/sim_to_others/ros2/msg_ws/install/dls2_msgs/share/dls2_msgs/cmake/dls2_msgs__rosidl_typesupport_introspection_cExport-noconfig.cmake
-- Installing: /home/iit.local/gturrisi/isaaclab_ws_home/quadruped_rl_collection/scripts/sim_to_others/ros2/msg_ws/install/dls2_msgs/share/dls2_msgs/cmake/dls2_msgs__rosidl_typesupport_cExport.cmake
-- Installing: /home/iit.local/gturrisi/isaaclab_ws_home/quadruped_rl_collection/scripts/sim_to_others/ros2/msg_ws/install/dls2_msgs/share/dls2_msgs/cmake/dls2_msgs__rosidl_typesupport_cExport-noconfig.cmake
-- Installing: /home/iit.local/gturrisi/isaaclab_ws_home/quadruped_rl_collection/scripts/sim_to_others/ros2/msg_ws/install/dls2_msgs/share/dls2_msgs/cmake/export_dls2_msgs__rosidl_generator_cppExport.cmake
-- Installing: /home/iit.local/gturrisi/isaaclab_ws_home/quadruped_rl_collection/scripts/sim_to_others/ros2/msg_ws/install/dls2_msgs/share/dls2_msgs/cmake/export_dls2_msgs__rosidl_typesupport_fastrtps_cppExport.cmake
-- Installing: /home/iit.local/gturrisi/isaaclab_ws_home/quadruped_rl_collection/scripts/sim_to_others/ros2/msg_ws/install/dls2_msgs/share/dls2_msgs/cmake/export_dls2_msgs__rosidl_typesupport_fastrtps_cppExport-noconfig.cmake
-- Installing: /home/iit.local/gturrisi/isaaclab_ws_home/quadruped_rl_collection/scripts/sim_to_others/ros2/msg_ws/install/dls2_msgs/share/dls2_msgs/cmake/dls2_msgs__rosidl_typesupport_introspection_cppExport.cmake
-- Installing: /home/iit.local/gturrisi/isaaclab_ws_home/quadruped_rl_collection/scripts/sim_to_others/ros2/msg_ws/install/dls2_msgs/share/dls2_msgs/cmake/dls2_msgs__rosidl_typesupport_introspection_cppExport-noconfig.cmake
-- Installing: /home/iit.local/gturrisi/isaaclab_ws_home/quadruped_rl_collection/scripts/sim_to_others/ros2/msg_ws/install/dls2_msgs/share/dls2_msgs/cmake/dls2_msgs__rosidl_typesupport_cppExport.cmake
-- Installing: /home/iit.local/gturrisi/isaaclab_ws_home/quadruped_rl_collection/scripts/sim_to_others/ros2/msg_ws/install/dls2_msgs/share/dls2_msgs/cmake/dls2_msgs__rosidl_typesupport_cppExport-noconfig.cmake
-- Installing: /home/iit.local/gturrisi/isaaclab_ws_home/quadruped_rl_collection/scripts/sim_to_others/ros2/msg_ws/install/dls2_msgs/share/dls2_msgs/cmake/export_dls2_msgs__rosidl_generator_pyExport.cmake
-- Installing: /home/iit.local/gturrisi/isaaclab_ws_home/quadruped_rl_collection/scripts/sim_to_others/ros2/msg_ws/install/dls2_msgs/share/dls2_msgs/cmake/export_dls2_msgs__rosidl_generator_pyExport-noconfig.cmake
-- Installing: /home/iit.local/gturrisi/isaaclab_ws_home/quadruped_rl_collection/scripts/sim_to_others/ros2/msg_ws/install/dls2_msgs/share/dls2_msgs/cmake/rosidl_cmake-extras.cmake
-- Installing: /home/iit.local/gturrisi/isaaclab_ws_home/quadruped_rl_collection/scripts/sim_to_others/ros2/msg_ws/install/dls2_msgs/share/dls2_msgs/cmake/ament_cmake_export_include_directories-extras.cmake
-- Installing: /home/iit.local/gturrisi/isaaclab_ws_home/quadruped_rl_collection/scripts/sim_to_others/ros2/msg_ws/install/dls2_msgs/share/dls2_msgs/cmake/ament_cmake_export_libraries-extras.cmake
-- Installing: /home/iit.local/gturrisi/isaaclab_ws_home/quadruped_rl_collection/scripts/sim_to_others/ros2/msg_ws/install/dls2_msgs/share/dls2_msgs/cmake/ament_cmake_export_targets-extras.cmake
-- Installing: /home/iit.local/gturrisi/isaaclab_ws_home/quadruped_rl_collection/scripts/sim_to_others/ros2/msg_ws/install/dls2_msgs/share/dls2_msgs/cmake/rosidl_cmake_export_typesupport_targets-extras.cmake
-- Installing: /home/iit.local/gturrisi/isaaclab_ws_home/quadruped_rl_collection/scripts/sim_to_others/ros2/msg_ws/install/dls2_msgs/share/dls2_msgs/cmake/ament_cmake_export_dependencies-extras.cmake
-- Installing: /home/iit.local/gturrisi/isaaclab_ws_home/quadruped_rl_collection/scripts/sim_to_others/ros2/msg_ws/install/dls2_msgs/share/dls2_msgs/cmake/rosidl_cmake_export_typesupport_libraries-extras.cmake
-- Installing: /home/iit.local/gturrisi/isaaclab_ws_home/quadruped_rl_collection/scripts/sim_to_others/ros2/msg_ws/install/dls2_msgs/share/dls2_msgs/cmake/dls2_msgsConfig.cmake
-- Installing: /home/iit.local/gturrisi/isaaclab_ws_home/quadruped_rl_collection/scripts/sim_to_others/ros2/msg_ws/install/dls2_msgs/share/dls2_msgs/cmake/dls2_msgsConfig-version.cmake
-- Installing: /home/iit.local/gturrisi/isaaclab_ws_home/quadruped_rl_collection/scripts/sim_to_others/ros2/msg_ws/install/dls2_msgs/share/dls2_msgs/package.xml
