[0.007s] Invoking command in '/home/iit.local/gturrisi/isaaclab_ws_home/quadruped_rl_collection/scripts/sim_to_others/ros2/msg_ws/build/dls2_msgs': CONDA_PROMPT_MODIFIER=(isaaclab_env) /home/iit.local/gturrisi/mambaforge/envs/isaaclab_env/bin/cmake /home/iit.local/gturrisi/isaaclab_ws_home/quadruped_rl_collection/scripts/sim_to_others/ros2/msg_ws/src/dls2_msgs -DCMAKE_INSTALL_PREFIX=/home/iit.local/gturrisi/isaaclab_ws_home/quadruped_rl_collection/scripts/sim_to_others/ros2/msg_ws/install/dls2_msgs
[0.015s] -- Found ament_cmake: 1.3.3 (/home/iit.local/gturrisi/mambaforge/envs/isaaclab_env/share/ament_cmake/cmake)
[0.096s] -- Found ament_lint_auto: 0.12.5 (/home/iit.local/gturrisi/mambaforge/envs/isaaclab_env/share/ament_lint_auto/cmake)
[0.144s] -- Found rosidl_default_generators: 1.2.0 (/home/iit.local/gturrisi/mambaforge/envs/isaaclab_env/share/rosidl_default_generators/cmake)
[0.145s] -- Using all available rosidl_typesupport_c: rosidl_typesupport_fastrtps_c;rosidl_typesupport_introspection_c
[0.147s] -- Found rosidl_adapter: 3.1.4 (/home/iit.local/gturrisi/mambaforge/envs/isaaclab_env/share/rosidl_adapter/cmake)
[0.164s] -- Using all available rosidl_typesupport_cpp: rosidl_typesupport_fastrtps_cpp;rosidl_typesupport_introspection_cpp
[0.268s] -- Found ament_cmake_ros: 0.10.0 (/home/iit.local/gturrisi/mambaforge/envs/isaaclab_env/share/ament_cmake_ros/cmake)
[0.346s] -- Using all available rosidl_typesupport_c: rosidl_typesupport_fastrtps_c;rosidl_typesupport_introspection_c
[0.441s] -- Using all available rosidl_typesupport_cpp: rosidl_typesupport_fastrtps_cpp;rosidl_typesupport_introspection_cpp
[0.461s] -- Found PythonInterp: /home/iit.local/gturrisi/mambaforge/envs/isaaclab_env/bin/python3 (found suitable version "3.10.13", minimum required is "3.6") 
[0.462s] -- Found python_cmake_module: 0.10.0 (/home/iit.local/gturrisi/mambaforge/envs/isaaclab_env/share/python_cmake_module/cmake)
[0.483s] -- Found PythonLibs: /home/iit.local/gturrisi/mambaforge/envs/isaaclab_env/lib/libpython3.10.so (found suitable version "3.10.13", minimum required is "3.5") 
[0.483s] -- Using PYTHON_EXECUTABLE: /home/iit.local/gturrisi/mambaforge/envs/isaaclab_env/bin/python3
[0.483s] -- Using PYTHON_INCLUDE_DIRS: /home/iit.local/gturrisi/mambaforge/envs/isaaclab_env/include/python3.10
[0.483s] -- Using PYTHON_LIBRARIES: /home/iit.local/gturrisi/mambaforge/envs/isaaclab_env/lib/libpython3.10.so
[0.501s] -- Found PythonExtra: .so  
[1.227s] -- Found Python3: /home/iit.local/gturrisi/mambaforge/envs/isaaclab_env/include/python3.10 (found version "3.10.13") found components: Development NumPy Interpreter Development.Module Development.Embed 
[1.271s] -- Added test 'lint_cmake' to check CMake code style
[1.272s] -- Added test 'xmllint' to check XML markup files
[1.275s] -- Configuring done (1.3s)
[1.293s] -- Generating done (0.0s)
[1.295s] -- Build files have been written to: /home/iit.local/gturrisi/isaaclab_ws_home/quadruped_rl_collection/scripts/sim_to_others/ros2/msg_ws/build/dls2_msgs
[1.298s] Invoked command in '/home/iit.local/gturrisi/isaaclab_ws_home/quadruped_rl_collection/scripts/sim_to_others/ros2/msg_ws/build/dls2_msgs' returned '0': CONDA_PROMPT_MODIFIER=(isaaclab_env) /home/iit.local/gturrisi/mambaforge/envs/isaaclab_env/bin/cmake /home/iit.local/gturrisi/isaaclab_ws_home/quadruped_rl_collection/scripts/sim_to_others/ros2/msg_ws/src/dls2_msgs -DCMAKE_INSTALL_PREFIX=/home/iit.local/gturrisi/isaaclab_ws_home/quadruped_rl_collection/scripts/sim_to_others/ros2/msg_ws/install/dls2_msgs
[1.299s] Invoking command in '/home/iit.local/gturrisi/isaaclab_ws_home/quadruped_rl_collection/scripts/sim_to_others/ros2/msg_ws/build/dls2_msgs': CONDA_PROMPT_MODIFIER=(isaaclab_env) /home/iit.local/gturrisi/mambaforge/envs/isaaclab_env/bin/cmake --build /home/iit.local/gturrisi/isaaclab_ws_home/quadruped_rl_collection/scripts/sim_to_others/ros2/msg_ws/build/dls2_msgs -- -j17 -l17
[1.320s] [  1%] [34m[1mGenerating C code for ROS interfaces[0m
[1.325s] [  3%] [34m[1mGenerating C++ code for ROS interfaces[0m
[1.328s] [  3%] Built target ament_cmake_python_copy_dls2_msgs
[1.586s] [  7%] [32mBuilding C object CMakeFiles/dls2_msgs__rosidl_generator_c.dir/rosidl_generator_c/dls2_msgs/msg/detail/blind_state_msg__functions.c.o[0m
[1.587s] [  9%] [32mBuilding C object CMakeFiles/dls2_msgs__rosidl_generator_c.dir/rosidl_generator_c/dls2_msgs/msg/detail/trajectory_generator_msg__functions.c.o[0m
[1.587s] [  9%] [32mBuilding C object CMakeFiles/dls2_msgs__rosidl_generator_c.dir/rosidl_generator_c/dls2_msgs/msg/detail/base_state_msg__functions.c.o[0m
[1.587s] [ 10%] [32mBuilding C object CMakeFiles/dls2_msgs__rosidl_generator_c.dir/rosidl_generator_c/dls2_msgs/msg/detail/control_signal_msg__functions.c.o[0m
[1.596s] [ 10%] Built target dls2_msgs__cpp
[1.601s] [ 14%] [34m[1mGenerating C++ introspection for ROS interfaces[0m
[1.601s] [ 14%] [34m[1mGenerating C++ type support dispatch for ROS interfaces[0m
[1.601s] [ 16%] [34m[1mGenerating C++ type support for eProsima Fast-RTPS[0m
[1.673s] running egg_info
[1.674s] creating dls2_msgs.egg-info
[1.692s] [ 18%] [32m[1mLinking C shared library libdls2_msgs__rosidl_generator_c.so[0m
[1.715s] [ 18%] Built target dls2_msgs__rosidl_generator_c
[1.721s] [ 20%] [34m[1mGenerating C introspection for ROS interfaces[0m
[1.721s] [ 21%] [34m[1mGenerating C type support for eProsima Fast-RTPS[0m
[1.722s] [ 23%] [34m[1mGenerating C type support dispatch for ROS interfaces[0m
[1.728s] writing dls2_msgs.egg-info/PKG-INFO
[1.756s] writing dependency_links to dls2_msgs.egg-info/dependency_links.txt
[1.820s] [ 27%] [32mBuilding CXX object CMakeFiles/dls2_msgs__rosidl_typesupport_cpp.dir/rosidl_typesupport_cpp/dls2_msgs/msg/blind_state_msg__type_support.cpp.o[0m
[1.820s] [ 27%] [32mBuilding CXX object CMakeFiles/dls2_msgs__rosidl_typesupport_cpp.dir/rosidl_typesupport_cpp/dls2_msgs/msg/base_state_msg__type_support.cpp.o[0m
[1.820s] [ 29%] [32mBuilding CXX object CMakeFiles/dls2_msgs__rosidl_typesupport_cpp.dir/rosidl_typesupport_cpp/dls2_msgs/msg/control_signal_msg__type_support.cpp.o[0m
[1.820s] [ 30%] [32mBuilding CXX object CMakeFiles/dls2_msgs__rosidl_typesupport_cpp.dir/rosidl_typesupport_cpp/dls2_msgs/msg/trajectory_generator_msg__type_support.cpp.o[0m
[1.849s] [ 34%] [32mBuilding CXX object CMakeFiles/dls2_msgs__rosidl_typesupport_introspection_cpp.dir/rosidl_typesupport_introspection_cpp/dls2_msgs/msg/detail/blind_state_msg__type_support.cpp.o[0m
[1.849s] [ 34%] [32mBuilding CXX object CMakeFiles/dls2_msgs__rosidl_typesupport_introspection_cpp.dir/rosidl_typesupport_introspection_cpp/dls2_msgs/msg/detail/base_state_msg__type_support.cpp.o[0m
[1.849s] [ 36%] [32mBuilding CXX object CMakeFiles/dls2_msgs__rosidl_typesupport_introspection_cpp.dir/rosidl_typesupport_introspection_cpp/dls2_msgs/msg/detail/control_signal_msg__type_support.cpp.o[0m
[1.850s] [ 38%] [32mBuilding CXX object CMakeFiles/dls2_msgs__rosidl_typesupport_introspection_cpp.dir/rosidl_typesupport_introspection_cpp/dls2_msgs/msg/detail/trajectory_generator_msg__type_support.cpp.o[0m
[1.866s] [ 40%] [32mBuilding CXX object CMakeFiles/dls2_msgs__rosidl_typesupport_fastrtps_cpp.dir/rosidl_typesupport_fastrtps_cpp/dls2_msgs/msg/detail/dds_fastrtps/trajectory_generator_msg__type_support.cpp.o[0m
[1.866s] [ 41%] [32mBuilding CXX object CMakeFiles/dls2_msgs__rosidl_typesupport_fastrtps_cpp.dir/rosidl_typesupport_fastrtps_cpp/dls2_msgs/msg/detail/dds_fastrtps/blind_state_msg__type_support.cpp.o[0m
[1.866s] [ 43%] [32mBuilding CXX object CMakeFiles/dls2_msgs__rosidl_typesupport_fastrtps_cpp.dir/rosidl_typesupport_fastrtps_cpp/dls2_msgs/msg/detail/dds_fastrtps/control_signal_msg__type_support.cpp.o[0m
[1.867s] [ 45%] [32mBuilding CXX object CMakeFiles/dls2_msgs__rosidl_typesupport_fastrtps_cpp.dir/rosidl_typesupport_fastrtps_cpp/dls2_msgs/msg/detail/dds_fastrtps/base_state_msg__type_support.cpp.o[0m
[1.950s] writing top-level names to dls2_msgs.egg-info/top_level.txt
[1.950s] writing manifest file 'dls2_msgs.egg-info/SOURCES.txt'
[2.028s] reading manifest file 'dls2_msgs.egg-info/SOURCES.txt'
[2.028s] writing manifest file 'dls2_msgs.egg-info/SOURCES.txt'
[2.073s] [ 45%] Built target ament_cmake_python_build_dls2_msgs_egg
[2.098s] [ 50%] [32mBuilding CXX object CMakeFiles/dls2_msgs__rosidl_typesupport_c.dir/rosidl_typesupport_c/dls2_msgs/msg/trajectory_generator_msg__type_support.cpp.o[0m
[2.098s] [ 50%] [32mBuilding CXX object CMakeFiles/dls2_msgs__rosidl_typesupport_c.dir/rosidl_typesupport_c/dls2_msgs/msg/blind_state_msg__type_support.cpp.o[0m
[2.098s] [ 52%] [32mBuilding CXX object CMakeFiles/dls2_msgs__rosidl_typesupport_c.dir/rosidl_typesupport_c/dls2_msgs/msg/base_state_msg__type_support.cpp.o[0m
[2.099s] [ 50%] [32mBuilding CXX object CMakeFiles/dls2_msgs__rosidl_typesupport_c.dir/rosidl_typesupport_c/dls2_msgs/msg/control_signal_msg__type_support.cpp.o[0m
[2.127s] [ 54%] [32m[1mLinking CXX shared library libdls2_msgs__rosidl_typesupport_c.so[0m
[2.134s] [ 58%] [32mBuilding CXX object CMakeFiles/dls2_msgs__rosidl_typesupport_fastrtps_c.dir/rosidl_typesupport_fastrtps_c/dls2_msgs/msg/detail/blind_state_msg__type_support_c.cpp.o[0m
[2.134s] [ 58%] [32mBuilding CXX object CMakeFiles/dls2_msgs__rosidl_typesupport_fastrtps_c.dir/rosidl_typesupport_fastrtps_c/dls2_msgs/msg/detail/control_signal_msg__type_support_c.cpp.o[0m
[2.134s] [ 60%] [32mBuilding CXX object CMakeFiles/dls2_msgs__rosidl_typesupport_fastrtps_c.dir/rosidl_typesupport_fastrtps_c/dls2_msgs/msg/detail/base_state_msg__type_support_c.cpp.o[0m
[2.134s] [ 61%] [32mBuilding CXX object CMakeFiles/dls2_msgs__rosidl_typesupport_fastrtps_c.dir/rosidl_typesupport_fastrtps_c/dls2_msgs/msg/detail/trajectory_generator_msg__type_support_c.cpp.o[0m
[2.164s] [ 63%] [32m[1mLinking CXX shared library libdls2_msgs__rosidl_typesupport_cpp.so[0m
[2.167s] [ 63%] Built target dls2_msgs__rosidl_typesupport_c
[2.174s] [ 67%] [32mBuilding C object CMakeFiles/dls2_msgs__rosidl_typesupport_introspection_c.dir/rosidl_typesupport_introspection_c/dls2_msgs/msg/detail/trajectory_generator_msg__type_support.c.o[0m
[2.174s] [ 67%] [32mBuilding C object CMakeFiles/dls2_msgs__rosidl_typesupport_introspection_c.dir/rosidl_typesupport_introspection_c/dls2_msgs/msg/detail/control_signal_msg__type_support.c.o[0m
[2.174s] [ 69%] [32mBuilding C object CMakeFiles/dls2_msgs__rosidl_typesupport_introspection_c.dir/rosidl_typesupport_introspection_c/dls2_msgs/msg/detail/base_state_msg__type_support.c.o[0m
[2.176s] [ 70%] [32mBuilding C object CMakeFiles/dls2_msgs__rosidl_typesupport_introspection_c.dir/rosidl_typesupport_introspection_c/dls2_msgs/msg/detail/blind_state_msg__type_support.c.o[0m
[2.207s] [ 70%] Built target dls2_msgs__rosidl_typesupport_cpp
[2.284s] [ 72%] [32m[1mLinking C shared library libdls2_msgs__rosidl_typesupport_introspection_c.so[0m
[2.310s] [ 72%] Built target dls2_msgs__rosidl_typesupport_introspection_c
[2.328s] [ 74%] [32m[1mLinking CXX shared library libdls2_msgs__rosidl_typesupport_introspection_cpp.so[0m
[2.340s] [ 76%] [32m[1mLinking CXX shared library libdls2_msgs__rosidl_typesupport_fastrtps_cpp.so[0m
[2.388s] [ 76%] Built target dls2_msgs__rosidl_typesupport_introspection_cpp
[2.398s] [ 76%] Built target dls2_msgs__rosidl_typesupport_fastrtps_cpp
[2.490s] [ 78%] [32m[1mLinking CXX shared library libdls2_msgs__rosidl_typesupport_fastrtps_c.so[0m
[2.541s] [ 78%] Built target dls2_msgs__rosidl_typesupport_fastrtps_c
[2.550s] [ 78%] Built target dls2_msgs
[2.561s] [ 80%] [34m[1mGenerating Python code for ROS interfaces[0m
[2.992s] [ 80%] Built target dls2_msgs__py
[3.003s] [ 81%] [32mBuilding C object CMakeFiles/dls2_msgs__rosidl_generator_py.dir/rosidl_generator_py/dls2_msgs/msg/_blind_state_msg_s.c.o[0m
[3.003s] [ 83%] [32mBuilding C object CMakeFiles/dls2_msgs__rosidl_generator_py.dir/rosidl_generator_py/dls2_msgs/msg/_base_state_msg_s.c.o[0m
[3.004s] [ 85%] [32mBuilding C object CMakeFiles/dls2_msgs__rosidl_generator_py.dir/rosidl_generator_py/dls2_msgs/msg/_control_signal_msg_s.c.o[0m
[3.004s] [ 87%] [32mBuilding C object CMakeFiles/dls2_msgs__rosidl_generator_py.dir/rosidl_generator_py/dls2_msgs/msg/_trajectory_generator_msg_s.c.o[0m
[3.202s] [ 89%] [32m[1mLinking C shared library rosidl_generator_py/dls2_msgs/libdls2_msgs__rosidl_generator_py.so[0m
[3.228s] [ 89%] Built target dls2_msgs__rosidl_generator_py
[3.238s] [ 90%] [32mBuilding C object CMakeFiles/dls2_msgs__rosidl_typesupport_c__pyext.dir/rosidl_generator_py/dls2_msgs/_dls2_msgs_s.ep.rosidl_typesupport_c.c.o[0m
[3.239s] [ 92%] [32mBuilding C object CMakeFiles/dls2_msgs__rosidl_typesupport_fastrtps_c__pyext.dir/rosidl_generator_py/dls2_msgs/_dls2_msgs_s.ep.rosidl_typesupport_fastrtps_c.c.o[0m
[3.239s] [ 94%] [32mBuilding C object CMakeFiles/dls2_msgs__rosidl_typesupport_introspection_c__pyext.dir/rosidl_generator_py/dls2_msgs/_dls2_msgs_s.ep.rosidl_typesupport_introspection_c.c.o[0m
[3.311s] [ 96%] [32m[1mLinking C shared library rosidl_generator_py/dls2_msgs/dls2_msgs_s__rosidl_typesupport_introspection_c.cpython-310-x86_64-linux-gnu.so[0m
[3.312s] [ 98%] [32m[1mLinking C shared library rosidl_generator_py/dls2_msgs/dls2_msgs_s__rosidl_typesupport_fastrtps_c.cpython-310-x86_64-linux-gnu.so[0m
[3.316s] [100%] [32m[1mLinking C shared library rosidl_generator_py/dls2_msgs/dls2_msgs_s__rosidl_typesupport_c.cpython-310-x86_64-linux-gnu.so[0m
[3.332s] [100%] Built target dls2_msgs__rosidl_typesupport_introspection_c__pyext
[3.334s] [100%] Built target dls2_msgs__rosidl_typesupport_fastrtps_c__pyext
[3.336s] [100%] Built target dls2_msgs__rosidl_typesupport_c__pyext
[3.341s] Invoked command in '/home/iit.local/gturrisi/isaaclab_ws_home/quadruped_rl_collection/scripts/sim_to_others/ros2/msg_ws/build/dls2_msgs' returned '0': CONDA_PROMPT_MODIFIER=(isaaclab_env) /home/iit.local/gturrisi/mambaforge/envs/isaaclab_env/bin/cmake --build /home/iit.local/gturrisi/isaaclab_ws_home/quadruped_rl_collection/scripts/sim_to_others/ros2/msg_ws/build/dls2_msgs -- -j17 -l17
[3.430s] Invoking command in '/home/iit.local/gturrisi/isaaclab_ws_home/quadruped_rl_collection/scripts/sim_to_others/ros2/msg_ws/build/dls2_msgs': CONDA_PROMPT_MODIFIER=(isaaclab_env) /home/iit.local/gturrisi/mambaforge/envs/isaaclab_env/bin/cmake --install /home/iit.local/gturrisi/isaaclab_ws_home/quadruped_rl_collection/scripts/sim_to_others/ros2/msg_ws/build/dls2_msgs
[3.433s] -- Install configuration: ""
[3.433s] -- Installing: /home/iit.local/gturrisi/isaaclab_ws_home/quadruped_rl_collection/scripts/sim_to_others/ros2/msg_ws/install/dls2_msgs/share/ament_index/resource_index/rosidl_interfaces/dls2_msgs
[3.433s] -- Installing: /home/iit.local/gturrisi/isaaclab_ws_home/quadruped_rl_collection/scripts/sim_to_others/ros2/msg_ws/install/dls2_msgs/include/dls2_msgs/dls2_msgs
[3.433s] -- Installing: /home/iit.local/gturrisi/isaaclab_ws_home/quadruped_rl_collection/scripts/sim_to_others/ros2/msg_ws/install/dls2_msgs/include/dls2_msgs/dls2_msgs/msg
[3.433s] -- Installing: /home/iit.local/gturrisi/isaaclab_ws_home/quadruped_rl_collection/scripts/sim_to_others/ros2/msg_ws/install/dls2_msgs/include/dls2_msgs/dls2_msgs/msg/control_signal_msg.h
[3.433s] -- Installing: /home/iit.local/gturrisi/isaaclab_ws_home/quadruped_rl_collection/scripts/sim_to_others/ros2/msg_ws/install/dls2_msgs/include/dls2_msgs/dls2_msgs/msg/rosidl_generator_c__visibility_control.h
[3.433s] -- Installing: /home/iit.local/gturrisi/isaaclab_ws_home/quadruped_rl_collection/scripts/sim_to_others/ros2/msg_ws/install/dls2_msgs/include/dls2_msgs/dls2_msgs/msg/blind_state_msg.h
[3.433s] -- Installing: /home/iit.local/gturrisi/isaaclab_ws_home/quadruped_rl_collection/scripts/sim_to_others/ros2/msg_ws/install/dls2_msgs/include/dls2_msgs/dls2_msgs/msg/trajectory_generator_msg.h
[3.433s] -- Installing: /home/iit.local/gturrisi/isaaclab_ws_home/quadruped_rl_collection/scripts/sim_to_others/ros2/msg_ws/install/dls2_msgs/include/dls2_msgs/dls2_msgs/msg/detail
[3.433s] -- Installing: /home/iit.local/gturrisi/isaaclab_ws_home/quadruped_rl_collection/scripts/sim_to_others/ros2/msg_ws/install/dls2_msgs/include/dls2_msgs/dls2_msgs/msg/detail/control_signal_msg__functions.h
[3.433s] -- Installing: /home/iit.local/gturrisi/isaaclab_ws_home/quadruped_rl_collection/scripts/sim_to_others/ros2/msg_ws/install/dls2_msgs/include/dls2_msgs/dls2_msgs/msg/detail/base_state_msg__functions.c
[3.434s] -- Installing: /home/iit.local/gturrisi/isaaclab_ws_home/quadruped_rl_collection/scripts/sim_to_others/ros2/msg_ws/install/dls2_msgs/include/dls2_msgs/dls2_msgs/msg/detail/trajectory_generator_msg__functions.h
[3.434s] -- Installing: /home/iit.local/gturrisi/isaaclab_ws_home/quadruped_rl_collection/scripts/sim_to_others/ros2/msg_ws/install/dls2_msgs/include/dls2_msgs/dls2_msgs/msg/detail/blind_state_msg__functions.c
[3.434s] -- Installing: /home/iit.local/gturrisi/isaaclab_ws_home/quadruped_rl_collection/scripts/sim_to_others/ros2/msg_ws/install/dls2_msgs/include/dls2_msgs/dls2_msgs/msg/detail/base_state_msg__functions.h
[3.434s] -- Installing: /home/iit.local/gturrisi/isaaclab_ws_home/quadruped_rl_collection/scripts/sim_to_others/ros2/msg_ws/install/dls2_msgs/include/dls2_msgs/dls2_msgs/msg/detail/blind_state_msg__functions.h
[3.434s] -- Installing: /home/iit.local/gturrisi/isaaclab_ws_home/quadruped_rl_collection/scripts/sim_to_others/ros2/msg_ws/install/dls2_msgs/include/dls2_msgs/dls2_msgs/msg/detail/control_signal_msg__type_support.h
[3.434s] -- Installing: /home/iit.local/gturrisi/isaaclab_ws_home/quadruped_rl_collection/scripts/sim_to_others/ros2/msg_ws/install/dls2_msgs/include/dls2_msgs/dls2_msgs/msg/detail/trajectory_generator_msg__type_support.h
[3.434s] -- Installing: /home/iit.local/gturrisi/isaaclab_ws_home/quadruped_rl_collection/scripts/sim_to_others/ros2/msg_ws/install/dls2_msgs/include/dls2_msgs/dls2_msgs/msg/detail/blind_state_msg__struct.h
[3.434s] -- Installing: /home/iit.local/gturrisi/isaaclab_ws_home/quadruped_rl_collection/scripts/sim_to_others/ros2/msg_ws/install/dls2_msgs/include/dls2_msgs/dls2_msgs/msg/detail/trajectory_generator_msg__struct.h
[3.434s] -- Installing: /home/iit.local/gturrisi/isaaclab_ws_home/quadruped_rl_collection/scripts/sim_to_others/ros2/msg_ws/install/dls2_msgs/include/dls2_msgs/dls2_msgs/msg/detail/base_state_msg__type_support.h
[3.434s] -- Installing: /home/iit.local/gturrisi/isaaclab_ws_home/quadruped_rl_collection/scripts/sim_to_others/ros2/msg_ws/install/dls2_msgs/include/dls2_msgs/dls2_msgs/msg/detail/control_signal_msg__struct.h
[3.434s] -- Installing: /home/iit.local/gturrisi/isaaclab_ws_home/quadruped_rl_collection/scripts/sim_to_others/ros2/msg_ws/install/dls2_msgs/include/dls2_msgs/dls2_msgs/msg/detail/base_state_msg__struct.h
[3.434s] -- Installing: /home/iit.local/gturrisi/isaaclab_ws_home/quadruped_rl_collection/scripts/sim_to_others/ros2/msg_ws/install/dls2_msgs/include/dls2_msgs/dls2_msgs/msg/detail/trajectory_generator_msg__functions.c
[3.434s] -- Installing: /home/iit.local/gturrisi/isaaclab_ws_home/quadruped_rl_collection/scripts/sim_to_others/ros2/msg_ws/install/dls2_msgs/include/dls2_msgs/dls2_msgs/msg/detail/control_signal_msg__functions.c
[3.434s] -- Installing: /home/iit.local/gturrisi/isaaclab_ws_home/quadruped_rl_collection/scripts/sim_to_others/ros2/msg_ws/install/dls2_msgs/include/dls2_msgs/dls2_msgs/msg/detail/blind_state_msg__type_support.h
[3.434s] -- Installing: /home/iit.local/gturrisi/isaaclab_ws_home/quadruped_rl_collection/scripts/sim_to_others/ros2/msg_ws/install/dls2_msgs/include/dls2_msgs/dls2_msgs/msg/base_state_msg.h
[3.434s] -- Installing: /home/iit.local/gturrisi/isaaclab_ws_home/quadruped_rl_collection/scripts/sim_to_others/ros2/msg_ws/install/dls2_msgs/lib/libdls2_msgs__rosidl_generator_c.so
[3.434s] -- Up-to-date: /home/iit.local/gturrisi/isaaclab_ws_home/quadruped_rl_collection/scripts/sim_to_others/ros2/msg_ws/install/dls2_msgs/include/dls2_msgs/dls2_msgs
[3.434s] -- Up-to-date: /home/iit.local/gturrisi/isaaclab_ws_home/quadruped_rl_collection/scripts/sim_to_others/ros2/msg_ws/install/dls2_msgs/include/dls2_msgs/dls2_msgs/msg
[3.434s] -- Installing: /home/iit.local/gturrisi/isaaclab_ws_home/quadruped_rl_collection/scripts/sim_to_others/ros2/msg_ws/install/dls2_msgs/include/dls2_msgs/dls2_msgs/msg/rosidl_typesupport_fastrtps_c__visibility_control.h
[3.434s] -- Up-to-date: /home/iit.local/gturrisi/isaaclab_ws_home/quadruped_rl_collection/scripts/sim_to_others/ros2/msg_ws/install/dls2_msgs/include/dls2_msgs/dls2_msgs/msg/detail
[3.434s] -- Installing: /home/iit.local/gturrisi/isaaclab_ws_home/quadruped_rl_collection/scripts/sim_to_others/ros2/msg_ws/install/dls2_msgs/include/dls2_msgs/dls2_msgs/msg/detail/control_signal_msg__rosidl_typesupport_fastrtps_c.h
[3.434s] -- Installing: /home/iit.local/gturrisi/isaaclab_ws_home/quadruped_rl_collection/scripts/sim_to_others/ros2/msg_ws/install/dls2_msgs/include/dls2_msgs/dls2_msgs/msg/detail/trajectory_generator_msg__rosidl_typesupport_fastrtps_c.h
[3.434s] -- Installing: /home/iit.local/gturrisi/isaaclab_ws_home/quadruped_rl_collection/scripts/sim_to_others/ros2/msg_ws/install/dls2_msgs/include/dls2_msgs/dls2_msgs/msg/detail/blind_state_msg__rosidl_typesupport_fastrtps_c.h
[3.434s] -- Installing: /home/iit.local/gturrisi/isaaclab_ws_home/quadruped_rl_collection/scripts/sim_to_others/ros2/msg_ws/install/dls2_msgs/include/dls2_msgs/dls2_msgs/msg/detail/base_state_msg__rosidl_typesupport_fastrtps_c.h
[3.435s] -- Installing: /home/iit.local/gturrisi/isaaclab_ws_home/quadruped_rl_collection/scripts/sim_to_others/ros2/msg_ws/install/dls2_msgs/lib/libdls2_msgs__rosidl_typesupport_fastrtps_c.so
[3.435s] -- Set runtime path of "/home/iit.local/gturrisi/isaaclab_ws_home/quadruped_rl_collection/scripts/sim_to_others/ros2/msg_ws/install/dls2_msgs/lib/libdls2_msgs__rosidl_typesupport_fastrtps_c.so" to ""
[3.435s] -- Up-to-date: /home/iit.local/gturrisi/isaaclab_ws_home/quadruped_rl_collection/scripts/sim_to_others/ros2/msg_ws/install/dls2_msgs/include/dls2_msgs/dls2_msgs
[3.435s] -- Up-to-date: /home/iit.local/gturrisi/isaaclab_ws_home/quadruped_rl_collection/scripts/sim_to_others/ros2/msg_ws/install/dls2_msgs/include/dls2_msgs/dls2_msgs/msg
[3.435s] -- Up-to-date: /home/iit.local/gturrisi/isaaclab_ws_home/quadruped_rl_collection/scripts/sim_to_others/ros2/msg_ws/install/dls2_msgs/include/dls2_msgs/dls2_msgs/msg/detail
[3.435s] -- Installing: /home/iit.local/gturrisi/isaaclab_ws_home/quadruped_rl_collection/scripts/sim_to_others/ros2/msg_ws/install/dls2_msgs/include/dls2_msgs/dls2_msgs/msg/detail/blind_state_msg__rosidl_typesupport_introspection_c.h
[3.435s] -- Installing: /home/iit.local/gturrisi/isaaclab_ws_home/quadruped_rl_collection/scripts/sim_to_others/ros2/msg_ws/install/dls2_msgs/include/dls2_msgs/dls2_msgs/msg/detail/control_signal_msg__rosidl_typesupport_introspection_c.h
[3.435s] -- Installing: /home/iit.local/gturrisi/isaaclab_ws_home/quadruped_rl_collection/scripts/sim_to_others/ros2/msg_ws/install/dls2_msgs/include/dls2_msgs/dls2_msgs/msg/detail/base_state_msg__type_support.c
[3.435s] -- Installing: /home/iit.local/gturrisi/isaaclab_ws_home/quadruped_rl_collection/scripts/sim_to_others/ros2/msg_ws/install/dls2_msgs/include/dls2_msgs/dls2_msgs/msg/detail/control_signal_msg__type_support.c
[3.435s] -- Installing: /home/iit.local/gturrisi/isaaclab_ws_home/quadruped_rl_collection/scripts/sim_to_others/ros2/msg_ws/install/dls2_msgs/include/dls2_msgs/dls2_msgs/msg/detail/base_state_msg__rosidl_typesupport_introspection_c.h
[3.435s] -- Installing: /home/iit.local/gturrisi/isaaclab_ws_home/quadruped_rl_collection/scripts/sim_to_others/ros2/msg_ws/install/dls2_msgs/include/dls2_msgs/dls2_msgs/msg/detail/blind_state_msg__type_support.c
[3.435s] -- Installing: /home/iit.local/gturrisi/isaaclab_ws_home/quadruped_rl_collection/scripts/sim_to_others/ros2/msg_ws/install/dls2_msgs/include/dls2_msgs/dls2_msgs/msg/detail/trajectory_generator_msg__rosidl_typesupport_introspection_c.h
[3.435s] -- Installing: /home/iit.local/gturrisi/isaaclab_ws_home/quadruped_rl_collection/scripts/sim_to_others/ros2/msg_ws/install/dls2_msgs/include/dls2_msgs/dls2_msgs/msg/detail/trajectory_generator_msg__type_support.c
[3.435s] -- Installing: /home/iit.local/gturrisi/isaaclab_ws_home/quadruped_rl_collection/scripts/sim_to_others/ros2/msg_ws/install/dls2_msgs/include/dls2_msgs/dls2_msgs/msg/rosidl_typesupport_introspection_c__visibility_control.h
[3.435s] -- Installing: /home/iit.local/gturrisi/isaaclab_ws_home/quadruped_rl_collection/scripts/sim_to_others/ros2/msg_ws/install/dls2_msgs/lib/libdls2_msgs__rosidl_typesupport_introspection_c.so
[3.435s] -- Set runtime path of "/home/iit.local/gturrisi/isaaclab_ws_home/quadruped_rl_collection/scripts/sim_to_others/ros2/msg_ws/install/dls2_msgs/lib/libdls2_msgs__rosidl_typesupport_introspection_c.so" to ""
[3.435s] -- Installing: /home/iit.local/gturrisi/isaaclab_ws_home/quadruped_rl_collection/scripts/sim_to_others/ros2/msg_ws/install/dls2_msgs/lib/libdls2_msgs__rosidl_typesupport_c.so
[3.435s] -- Set runtime path of "/home/iit.local/gturrisi/isaaclab_ws_home/quadruped_rl_collection/scripts/sim_to_others/ros2/msg_ws/install/dls2_msgs/lib/libdls2_msgs__rosidl_typesupport_c.so" to ""
[3.435s] -- Up-to-date: /home/iit.local/gturrisi/isaaclab_ws_home/quadruped_rl_collection/scripts/sim_to_others/ros2/msg_ws/install/dls2_msgs/include/dls2_msgs/dls2_msgs
[3.435s] -- Up-to-date: /home/iit.local/gturrisi/isaaclab_ws_home/quadruped_rl_collection/scripts/sim_to_others/ros2/msg_ws/install/dls2_msgs/include/dls2_msgs/dls2_msgs/msg
[3.435s] -- Installing: /home/iit.local/gturrisi/isaaclab_ws_home/quadruped_rl_collection/scripts/sim_to_others/ros2/msg_ws/install/dls2_msgs/include/dls2_msgs/dls2_msgs/msg/blind_state_msg.hpp
[3.435s] -- Installing: /home/iit.local/gturrisi/isaaclab_ws_home/quadruped_rl_collection/scripts/sim_to_others/ros2/msg_ws/install/dls2_msgs/include/dls2_msgs/dls2_msgs/msg/base_state_msg.hpp
[3.435s] -- Installing: /home/iit.local/gturrisi/isaaclab_ws_home/quadruped_rl_collection/scripts/sim_to_others/ros2/msg_ws/install/dls2_msgs/include/dls2_msgs/dls2_msgs/msg/trajectory_generator_msg.hpp
[3.435s] -- Up-to-date: /home/iit.local/gturrisi/isaaclab_ws_home/quadruped_rl_collection/scripts/sim_to_others/ros2/msg_ws/install/dls2_msgs/include/dls2_msgs/dls2_msgs/msg/detail
[3.435s] -- Installing: /home/iit.local/gturrisi/isaaclab_ws_home/quadruped_rl_collection/scripts/sim_to_others/ros2/msg_ws/install/dls2_msgs/include/dls2_msgs/dls2_msgs/msg/detail/blind_state_msg__struct.hpp
[3.435s] -- Installing: /home/iit.local/gturrisi/isaaclab_ws_home/quadruped_rl_collection/scripts/sim_to_others/ros2/msg_ws/install/dls2_msgs/include/dls2_msgs/dls2_msgs/msg/detail/blind_state_msg__traits.hpp
[3.435s] -- Installing: /home/iit.local/gturrisi/isaaclab_ws_home/quadruped_rl_collection/scripts/sim_to_others/ros2/msg_ws/install/dls2_msgs/include/dls2_msgs/dls2_msgs/msg/detail/base_state_msg__builder.hpp
[3.435s] -- Installing: /home/iit.local/gturrisi/isaaclab_ws_home/quadruped_rl_collection/scripts/sim_to_others/ros2/msg_ws/install/dls2_msgs/include/dls2_msgs/dls2_msgs/msg/detail/blind_state_msg__builder.hpp
[3.435s] -- Installing: /home/iit.local/gturrisi/isaaclab_ws_home/quadruped_rl_collection/scripts/sim_to_others/ros2/msg_ws/install/dls2_msgs/include/dls2_msgs/dls2_msgs/msg/detail/base_state_msg__struct.hpp
[3.435s] -- Installing: /home/iit.local/gturrisi/isaaclab_ws_home/quadruped_rl_collection/scripts/sim_to_others/ros2/msg_ws/install/dls2_msgs/include/dls2_msgs/dls2_msgs/msg/detail/trajectory_generator_msg__builder.hpp
[3.435s] -- Installing: /home/iit.local/gturrisi/isaaclab_ws_home/quadruped_rl_collection/scripts/sim_to_others/ros2/msg_ws/install/dls2_msgs/include/dls2_msgs/dls2_msgs/msg/detail/trajectory_generator_msg__struct.hpp
[3.435s] -- Installing: /home/iit.local/gturrisi/isaaclab_ws_home/quadruped_rl_collection/scripts/sim_to_others/ros2/msg_ws/install/dls2_msgs/include/dls2_msgs/dls2_msgs/msg/detail/trajectory_generator_msg__traits.hpp
[3.435s] -- Installing: /home/iit.local/gturrisi/isaaclab_ws_home/quadruped_rl_collection/scripts/sim_to_others/ros2/msg_ws/install/dls2_msgs/include/dls2_msgs/dls2_msgs/msg/detail/base_state_msg__traits.hpp
[3.435s] -- Installing: /home/iit.local/gturrisi/isaaclab_ws_home/quadruped_rl_collection/scripts/sim_to_others/ros2/msg_ws/install/dls2_msgs/include/dls2_msgs/dls2_msgs/msg/detail/control_signal_msg__builder.hpp
[3.435s] -- Installing: /home/iit.local/gturrisi/isaaclab_ws_home/quadruped_rl_collection/scripts/sim_to_others/ros2/msg_ws/install/dls2_msgs/include/dls2_msgs/dls2_msgs/msg/detail/control_signal_msg__traits.hpp
[3.435s] -- Installing: /home/iit.local/gturrisi/isaaclab_ws_home/quadruped_rl_collection/scripts/sim_to_others/ros2/msg_ws/install/dls2_msgs/include/dls2_msgs/dls2_msgs/msg/detail/control_signal_msg__struct.hpp
[3.435s] -- Installing: /home/iit.local/gturrisi/isaaclab_ws_home/quadruped_rl_collection/scripts/sim_to_others/ros2/msg_ws/install/dls2_msgs/include/dls2_msgs/dls2_msgs/msg/control_signal_msg.hpp
[3.435s] -- Up-to-date: /home/iit.local/gturrisi/isaaclab_ws_home/quadruped_rl_collection/scripts/sim_to_others/ros2/msg_ws/install/dls2_msgs/include/dls2_msgs/dls2_msgs
[3.435s] -- Up-to-date: /home/iit.local/gturrisi/isaaclab_ws_home/quadruped_rl_collection/scripts/sim_to_others/ros2/msg_ws/install/dls2_msgs/include/dls2_msgs/dls2_msgs/msg
[3.435s] -- Installing: /home/iit.local/gturrisi/isaaclab_ws_home/quadruped_rl_collection/scripts/sim_to_others/ros2/msg_ws/install/dls2_msgs/include/dls2_msgs/dls2_msgs/msg/rosidl_typesupport_fastrtps_cpp__visibility_control.h
[3.435s] -- Up-to-date: /home/iit.local/gturrisi/isaaclab_ws_home/quadruped_rl_collection/scripts/sim_to_others/ros2/msg_ws/install/dls2_msgs/include/dls2_msgs/dls2_msgs/msg/detail
[3.436s] -- Installing: /home/iit.local/gturrisi/isaaclab_ws_home/quadruped_rl_collection/scripts/sim_to_others/ros2/msg_ws/install/dls2_msgs/include/dls2_msgs/dls2_msgs/msg/detail/blind_state_msg__rosidl_typesupport_fastrtps_cpp.hpp
[3.436s] -- Installing: /home/iit.local/gturrisi/isaaclab_ws_home/quadruped_rl_collection/scripts/sim_to_others/ros2/msg_ws/install/dls2_msgs/include/dls2_msgs/dls2_msgs/msg/detail/dds_fastrtps
[3.436s] -- Installing: /home/iit.local/gturrisi/isaaclab_ws_home/quadruped_rl_collection/scripts/sim_to_others/ros2/msg_ws/install/dls2_msgs/include/dls2_msgs/dls2_msgs/msg/detail/trajectory_generator_msg__rosidl_typesupport_fastrtps_cpp.hpp
[3.436s] -- Installing: /home/iit.local/gturrisi/isaaclab_ws_home/quadruped_rl_collection/scripts/sim_to_others/ros2/msg_ws/install/dls2_msgs/include/dls2_msgs/dls2_msgs/msg/detail/control_signal_msg__rosidl_typesupport_fastrtps_cpp.hpp
[3.436s] -- Installing: /home/iit.local/gturrisi/isaaclab_ws_home/quadruped_rl_collection/scripts/sim_to_others/ros2/msg_ws/install/dls2_msgs/include/dls2_msgs/dls2_msgs/msg/detail/base_state_msg__rosidl_typesupport_fastrtps_cpp.hpp
[3.436s] -- Installing: /home/iit.local/gturrisi/isaaclab_ws_home/quadruped_rl_collection/scripts/sim_to_others/ros2/msg_ws/install/dls2_msgs/lib/libdls2_msgs__rosidl_typesupport_fastrtps_cpp.so
[3.436s] -- Up-to-date: /home/iit.local/gturrisi/isaaclab_ws_home/quadruped_rl_collection/scripts/sim_to_others/ros2/msg_ws/install/dls2_msgs/include/dls2_msgs/dls2_msgs
[3.436s] -- Up-to-date: /home/iit.local/gturrisi/isaaclab_ws_home/quadruped_rl_collection/scripts/sim_to_others/ros2/msg_ws/install/dls2_msgs/include/dls2_msgs/dls2_msgs/msg
[3.436s] -- Up-to-date: /home/iit.local/gturrisi/isaaclab_ws_home/quadruped_rl_collection/scripts/sim_to_others/ros2/msg_ws/install/dls2_msgs/include/dls2_msgs/dls2_msgs/msg/detail
[3.436s] -- Installing: /home/iit.local/gturrisi/isaaclab_ws_home/quadruped_rl_collection/scripts/sim_to_others/ros2/msg_ws/install/dls2_msgs/include/dls2_msgs/dls2_msgs/msg/detail/control_signal_msg__type_support.cpp
[3.436s] -- Installing: /home/iit.local/gturrisi/isaaclab_ws_home/quadruped_rl_collection/scripts/sim_to_others/ros2/msg_ws/install/dls2_msgs/include/dls2_msgs/dls2_msgs/msg/detail/base_state_msg__rosidl_typesupport_introspection_cpp.hpp
[3.436s] -- Installing: /home/iit.local/gturrisi/isaaclab_ws_home/quadruped_rl_collection/scripts/sim_to_others/ros2/msg_ws/install/dls2_msgs/include/dls2_msgs/dls2_msgs/msg/detail/blind_state_msg__type_support.cpp
[3.436s] -- Installing: /home/iit.local/gturrisi/isaaclab_ws_home/quadruped_rl_collection/scripts/sim_to_others/ros2/msg_ws/install/dls2_msgs/include/dls2_msgs/dls2_msgs/msg/detail/trajectory_generator_msg__type_support.cpp
[3.436s] -- Installing: /home/iit.local/gturrisi/isaaclab_ws_home/quadruped_rl_collection/scripts/sim_to_others/ros2/msg_ws/install/dls2_msgs/include/dls2_msgs/dls2_msgs/msg/detail/base_state_msg__type_support.cpp
[3.436s] -- Installing: /home/iit.local/gturrisi/isaaclab_ws_home/quadruped_rl_collection/scripts/sim_to_others/ros2/msg_ws/install/dls2_msgs/include/dls2_msgs/dls2_msgs/msg/detail/trajectory_generator_msg__rosidl_typesupport_introspection_cpp.hpp
[3.436s] -- Installing: /home/iit.local/gturrisi/isaaclab_ws_home/quadruped_rl_collection/scripts/sim_to_others/ros2/msg_ws/install/dls2_msgs/include/dls2_msgs/dls2_msgs/msg/detail/control_signal_msg__rosidl_typesupport_introspection_cpp.hpp
[3.436s] -- Installing: /home/iit.local/gturrisi/isaaclab_ws_home/quadruped_rl_collection/scripts/sim_to_others/ros2/msg_ws/install/dls2_msgs/include/dls2_msgs/dls2_msgs/msg/detail/blind_state_msg__rosidl_typesupport_introspection_cpp.hpp
[3.436s] -- Installing: /home/iit.local/gturrisi/isaaclab_ws_home/quadruped_rl_collection/scripts/sim_to_others/ros2/msg_ws/install/dls2_msgs/lib/libdls2_msgs__rosidl_typesupport_introspection_cpp.so
[3.436s] -- Installing: /home/iit.local/gturrisi/isaaclab_ws_home/quadruped_rl_collection/scripts/sim_to_others/ros2/msg_ws/install/dls2_msgs/lib/libdls2_msgs__rosidl_typesupport_cpp.so
[3.436s] -- Installing: /home/iit.local/gturrisi/isaaclab_ws_home/quadruped_rl_collection/scripts/sim_to_others/ros2/msg_ws/install/dls2_msgs/share/dls2_msgs/environment/pythonpath.sh
[3.436s] -- Installing: /home/iit.local/gturrisi/isaaclab_ws_home/quadruped_rl_collection/scripts/sim_to_others/ros2/msg_ws/install/dls2_msgs/share/dls2_msgs/environment/pythonpath.dsv
[3.436s] -- Installing: /home/iit.local/gturrisi/isaaclab_ws_home/quadruped_rl_collection/scripts/sim_to_others/ros2/msg_ws/install/dls2_msgs/lib/python3.10/site-packages/dls2_msgs-0.0.0-py3.10.egg-info
[3.436s] -- Installing: /home/iit.local/gturrisi/isaaclab_ws_home/quadruped_rl_collection/scripts/sim_to_others/ros2/msg_ws/install/dls2_msgs/lib/python3.10/site-packages/dls2_msgs-0.0.0-py3.10.egg-info/SOURCES.txt
[3.436s] -- Installing: /home/iit.local/gturrisi/isaaclab_ws_home/quadruped_rl_collection/scripts/sim_to_others/ros2/msg_ws/install/dls2_msgs/lib/python3.10/site-packages/dls2_msgs-0.0.0-py3.10.egg-info/top_level.txt
[3.436s] -- Installing: /home/iit.local/gturrisi/isaaclab_ws_home/quadruped_rl_collection/scripts/sim_to_others/ros2/msg_ws/install/dls2_msgs/lib/python3.10/site-packages/dls2_msgs-0.0.0-py3.10.egg-info/dependency_links.txt
[3.436s] -- Installing: /home/iit.local/gturrisi/isaaclab_ws_home/quadruped_rl_collection/scripts/sim_to_others/ros2/msg_ws/install/dls2_msgs/lib/python3.10/site-packages/dls2_msgs-0.0.0-py3.10.egg-info/PKG-INFO
[3.436s] -- Installing: /home/iit.local/gturrisi/isaaclab_ws_home/quadruped_rl_collection/scripts/sim_to_others/ros2/msg_ws/install/dls2_msgs/lib/python3.10/site-packages/dls2_msgs
[3.436s] -- Installing: /home/iit.local/gturrisi/isaaclab_ws_home/quadruped_rl_collection/scripts/sim_to_others/ros2/msg_ws/install/dls2_msgs/lib/python3.10/site-packages/dls2_msgs/dls2_msgs_s__rosidl_typesupport_fastrtps_c.cpython-310-x86_64-linux-gnu.so
[3.436s] -- Installing: /home/iit.local/gturrisi/isaaclab_ws_home/quadruped_rl_collection/scripts/sim_to_others/ros2/msg_ws/install/dls2_msgs/lib/python3.10/site-packages/dls2_msgs/_dls2_msgs_s.ep.rosidl_typesupport_fastrtps_c.c
[3.436s] -- Installing: /home/iit.local/gturrisi/isaaclab_ws_home/quadruped_rl_collection/scripts/sim_to_others/ros2/msg_ws/install/dls2_msgs/lib/python3.10/site-packages/dls2_msgs/dls2_msgs_s__rosidl_typesupport_introspection_c.cpython-310-x86_64-linux-gnu.so
[3.436s] -- Installing: /home/iit.local/gturrisi/isaaclab_ws_home/quadruped_rl_collection/scripts/sim_to_others/ros2/msg_ws/install/dls2_msgs/lib/python3.10/site-packages/dls2_msgs/msg
[3.436s] -- Installing: /home/iit.local/gturrisi/isaaclab_ws_home/quadruped_rl_collection/scripts/sim_to_others/ros2/msg_ws/install/dls2_msgs/lib/python3.10/site-packages/dls2_msgs/msg/_trajectory_generator_msg_s.c
[3.437s] -- Installing: /home/iit.local/gturrisi/isaaclab_ws_home/quadruped_rl_collection/scripts/sim_to_others/ros2/msg_ws/install/dls2_msgs/lib/python3.10/site-packages/dls2_msgs/msg/_control_signal_msg.py
[3.437s] -- Installing: /home/iit.local/gturrisi/isaaclab_ws_home/quadruped_rl_collection/scripts/sim_to_others/ros2/msg_ws/install/dls2_msgs/lib/python3.10/site-packages/dls2_msgs/msg/_base_state_msg_s.c
[3.437s] -- Installing: /home/iit.local/gturrisi/isaaclab_ws_home/quadruped_rl_collection/scripts/sim_to_others/ros2/msg_ws/install/dls2_msgs/lib/python3.10/site-packages/dls2_msgs/msg/_trajectory_generator_msg.py
[3.437s] -- Installing: /home/iit.local/gturrisi/isaaclab_ws_home/quadruped_rl_collection/scripts/sim_to_others/ros2/msg_ws/install/dls2_msgs/lib/python3.10/site-packages/dls2_msgs/msg/_base_state_msg.py
[3.437s] -- Installing: /home/iit.local/gturrisi/isaaclab_ws_home/quadruped_rl_collection/scripts/sim_to_others/ros2/msg_ws/install/dls2_msgs/lib/python3.10/site-packages/dls2_msgs/msg/_control_signal_msg_s.c
[3.437s] -- Installing: /home/iit.local/gturrisi/isaaclab_ws_home/quadruped_rl_collection/scripts/sim_to_others/ros2/msg_ws/install/dls2_msgs/lib/python3.10/site-packages/dls2_msgs/msg/_blind_state_msg_s.c
[3.437s] -- Installing: /home/iit.local/gturrisi/isaaclab_ws_home/quadruped_rl_collection/scripts/sim_to_others/ros2/msg_ws/install/dls2_msgs/lib/python3.10/site-packages/dls2_msgs/msg/__init__.py
[3.437s] -- Installing: /home/iit.local/gturrisi/isaaclab_ws_home/quadruped_rl_collection/scripts/sim_to_others/ros2/msg_ws/install/dls2_msgs/lib/python3.10/site-packages/dls2_msgs/msg/_blind_state_msg.py
[3.437s] -- Installing: /home/iit.local/gturrisi/isaaclab_ws_home/quadruped_rl_collection/scripts/sim_to_others/ros2/msg_ws/install/dls2_msgs/lib/python3.10/site-packages/dls2_msgs/libdls2_msgs__rosidl_generator_py.so
[3.437s] -- Installing: /home/iit.local/gturrisi/isaaclab_ws_home/quadruped_rl_collection/scripts/sim_to_others/ros2/msg_ws/install/dls2_msgs/lib/python3.10/site-packages/dls2_msgs/__init__.py
[3.437s] -- Installing: /home/iit.local/gturrisi/isaaclab_ws_home/quadruped_rl_collection/scripts/sim_to_others/ros2/msg_ws/install/dls2_msgs/lib/python3.10/site-packages/dls2_msgs/_dls2_msgs_s.ep.rosidl_typesupport_introspection_c.c
[3.437s] -- Installing: /home/iit.local/gturrisi/isaaclab_ws_home/quadruped_rl_collection/scripts/sim_to_others/ros2/msg_ws/install/dls2_msgs/lib/python3.10/site-packages/dls2_msgs/_dls2_msgs_s.ep.rosidl_typesupport_c.c
[3.437s] -- Installing: /home/iit.local/gturrisi/isaaclab_ws_home/quadruped_rl_collection/scripts/sim_to_others/ros2/msg_ws/install/dls2_msgs/lib/python3.10/site-packages/dls2_msgs/dls2_msgs_s__rosidl_typesupport_c.cpython-310-x86_64-linux-gnu.so
[3.467s] Listing 'lib/python3.10/site-packages/dls2_msgs'...
[3.467s] Can't list 'lib/python3.10/site-packages/dls2_msgs'
[3.469s] -- Installing: /home/iit.local/gturrisi/isaaclab_ws_home/quadruped_rl_collection/scripts/sim_to_others/ros2/msg_ws/install/dls2_msgs/lib/python3.10/site-packages/dls2_msgs/dls2_msgs_s__rosidl_typesupport_fastrtps_c.cpython-310-x86_64-linux-gnu.so
[3.469s] -- Set runtime path of "/home/iit.local/gturrisi/isaaclab_ws_home/quadruped_rl_collection/scripts/sim_to_others/ros2/msg_ws/install/dls2_msgs/lib/python3.10/site-packages/dls2_msgs/dls2_msgs_s__rosidl_typesupport_fastrtps_c.cpython-310-x86_64-linux-gnu.so" to ""
[3.470s] -- Installing: /home/iit.local/gturrisi/isaaclab_ws_home/quadruped_rl_collection/scripts/sim_to_others/ros2/msg_ws/install/dls2_msgs/lib/python3.10/site-packages/dls2_msgs/dls2_msgs_s__rosidl_typesupport_introspection_c.cpython-310-x86_64-linux-gnu.so
[3.470s] -- Set runtime path of "/home/iit.local/gturrisi/isaaclab_ws_home/quadruped_rl_collection/scripts/sim_to_others/ros2/msg_ws/install/dls2_msgs/lib/python3.10/site-packages/dls2_msgs/dls2_msgs_s__rosidl_typesupport_introspection_c.cpython-310-x86_64-linux-gnu.so" to ""
[3.470s] -- Installing: /home/iit.local/gturrisi/isaaclab_ws_home/quadruped_rl_collection/scripts/sim_to_others/ros2/msg_ws/install/dls2_msgs/lib/python3.10/site-packages/dls2_msgs/dls2_msgs_s__rosidl_typesupport_c.cpython-310-x86_64-linux-gnu.so
[3.470s] -- Set runtime path of "/home/iit.local/gturrisi/isaaclab_ws_home/quadruped_rl_collection/scripts/sim_to_others/ros2/msg_ws/install/dls2_msgs/lib/python3.10/site-packages/dls2_msgs/dls2_msgs_s__rosidl_typesupport_c.cpython-310-x86_64-linux-gnu.so" to ""
[3.470s] -- Installing: /home/iit.local/gturrisi/isaaclab_ws_home/quadruped_rl_collection/scripts/sim_to_others/ros2/msg_ws/install/dls2_msgs/lib/libdls2_msgs__rosidl_generator_py.so
[3.470s] -- Set runtime path of "/home/iit.local/gturrisi/isaaclab_ws_home/quadruped_rl_collection/scripts/sim_to_others/ros2/msg_ws/install/dls2_msgs/lib/libdls2_msgs__rosidl_generator_py.so" to ""
[3.470s] -- Installing: /home/iit.local/gturrisi/isaaclab_ws_home/quadruped_rl_collection/scripts/sim_to_others/ros2/msg_ws/install/dls2_msgs/share/dls2_msgs/msg/BlindStateMsg.idl
[3.470s] -- Installing: /home/iit.local/gturrisi/isaaclab_ws_home/quadruped_rl_collection/scripts/sim_to_others/ros2/msg_ws/install/dls2_msgs/share/dls2_msgs/msg/BaseStateMsg.idl
[3.470s] -- Installing: /home/iit.local/gturrisi/isaaclab_ws_home/quadruped_rl_collection/scripts/sim_to_others/ros2/msg_ws/install/dls2_msgs/share/dls2_msgs/msg/ControlSignalMsg.idl
[3.470s] -- Installing: /home/iit.local/gturrisi/isaaclab_ws_home/quadruped_rl_collection/scripts/sim_to_others/ros2/msg_ws/install/dls2_msgs/share/dls2_msgs/msg/TrajectoryGeneratorMsg.idl
[3.471s] -- Installing: /home/iit.local/gturrisi/isaaclab_ws_home/quadruped_rl_collection/scripts/sim_to_others/ros2/msg_ws/install/dls2_msgs/share/dls2_msgs/msg/BlindStateMsg.msg
[3.471s] -- Installing: /home/iit.local/gturrisi/isaaclab_ws_home/quadruped_rl_collection/scripts/sim_to_others/ros2/msg_ws/install/dls2_msgs/share/dls2_msgs/msg/BaseStateMsg.msg
[3.471s] -- Installing: /home/iit.local/gturrisi/isaaclab_ws_home/quadruped_rl_collection/scripts/sim_to_others/ros2/msg_ws/install/dls2_msgs/share/dls2_msgs/msg/ControlSignalMsg.msg
[3.471s] -- Installing: /home/iit.local/gturrisi/isaaclab_ws_home/quadruped_rl_collection/scripts/sim_to_others/ros2/msg_ws/install/dls2_msgs/share/dls2_msgs/msg/TrajectoryGeneratorMsg.msg
[3.471s] -- Installing: /home/iit.local/gturrisi/isaaclab_ws_home/quadruped_rl_collection/scripts/sim_to_others/ros2/msg_ws/install/dls2_msgs/share/ament_index/resource_index/package_run_dependencies/dls2_msgs
[3.471s] -- Installing: /home/iit.local/gturrisi/isaaclab_ws_home/quadruped_rl_collection/scripts/sim_to_others/ros2/msg_ws/install/dls2_msgs/share/ament_index/resource_index/parent_prefix_path/dls2_msgs
[3.471s] -- Installing: /home/iit.local/gturrisi/isaaclab_ws_home/quadruped_rl_collection/scripts/sim_to_others/ros2/msg_ws/install/dls2_msgs/share/dls2_msgs/environment/ament_prefix_path.sh
[3.471s] -- Installing: /home/iit.local/gturrisi/isaaclab_ws_home/quadruped_rl_collection/scripts/sim_to_others/ros2/msg_ws/install/dls2_msgs/share/dls2_msgs/environment/ament_prefix_path.dsv
[3.471s] -- Installing: /home/iit.local/gturrisi/isaaclab_ws_home/quadruped_rl_collection/scripts/sim_to_others/ros2/msg_ws/install/dls2_msgs/share/dls2_msgs/environment/path.sh
[3.471s] -- Installing: /home/iit.local/gturrisi/isaaclab_ws_home/quadruped_rl_collection/scripts/sim_to_others/ros2/msg_ws/install/dls2_msgs/share/dls2_msgs/environment/path.dsv
[3.471s] -- Installing: /home/iit.local/gturrisi/isaaclab_ws_home/quadruped_rl_collection/scripts/sim_to_others/ros2/msg_ws/install/dls2_msgs/share/dls2_msgs/local_setup.bash
[3.471s] -- Installing: /home/iit.local/gturrisi/isaaclab_ws_home/quadruped_rl_collection/scripts/sim_to_others/ros2/msg_ws/install/dls2_msgs/share/dls2_msgs/local_setup.sh
[3.471s] -- Installing: /home/iit.local/gturrisi/isaaclab_ws_home/quadruped_rl_collection/scripts/sim_to_others/ros2/msg_ws/install/dls2_msgs/share/dls2_msgs/local_setup.zsh
[3.471s] -- Installing: /home/iit.local/gturrisi/isaaclab_ws_home/quadruped_rl_collection/scripts/sim_to_others/ros2/msg_ws/install/dls2_msgs/share/dls2_msgs/local_setup.dsv
[3.471s] -- Installing: /home/iit.local/gturrisi/isaaclab_ws_home/quadruped_rl_collection/scripts/sim_to_others/ros2/msg_ws/install/dls2_msgs/share/dls2_msgs/package.dsv
[3.472s] -- Installing: /home/iit.local/gturrisi/isaaclab_ws_home/quadruped_rl_collection/scripts/sim_to_others/ros2/msg_ws/install/dls2_msgs/share/ament_index/resource_index/packages/dls2_msgs
[3.472s] -- Installing: /home/iit.local/gturrisi/isaaclab_ws_home/quadruped_rl_collection/scripts/sim_to_others/ros2/msg_ws/install/dls2_msgs/share/dls2_msgs/cmake/export_dls2_msgs__rosidl_generator_cExport.cmake
[3.472s] -- Installing: /home/iit.local/gturrisi/isaaclab_ws_home/quadruped_rl_collection/scripts/sim_to_others/ros2/msg_ws/install/dls2_msgs/share/dls2_msgs/cmake/export_dls2_msgs__rosidl_generator_cExport-noconfig.cmake
[3.472s] -- Installing: /home/iit.local/gturrisi/isaaclab_ws_home/quadruped_rl_collection/scripts/sim_to_others/ros2/msg_ws/install/dls2_msgs/share/dls2_msgs/cmake/export_dls2_msgs__rosidl_typesupport_fastrtps_cExport.cmake
[3.472s] -- Installing: /home/iit.local/gturrisi/isaaclab_ws_home/quadruped_rl_collection/scripts/sim_to_others/ros2/msg_ws/install/dls2_msgs/share/dls2_msgs/cmake/export_dls2_msgs__rosidl_typesupport_fastrtps_cExport-noconfig.cmake
[3.472s] -- Installing: /home/iit.local/gturrisi/isaaclab_ws_home/quadruped_rl_collection/scripts/sim_to_others/ros2/msg_ws/install/dls2_msgs/share/dls2_msgs/cmake/dls2_msgs__rosidl_typesupport_introspection_cExport.cmake
[3.472s] -- Installing: /home/iit.local/gturrisi/isaaclab_ws_home/quadruped_rl_collection/scripts/sim_to_others/ros2/msg_ws/install/dls2_msgs/share/dls2_msgs/cmake/dls2_msgs__rosidl_typesupport_introspection_cExport-noconfig.cmake
[3.472s] -- Installing: /home/iit.local/gturrisi/isaaclab_ws_home/quadruped_rl_collection/scripts/sim_to_others/ros2/msg_ws/install/dls2_msgs/share/dls2_msgs/cmake/dls2_msgs__rosidl_typesupport_cExport.cmake
[3.472s] -- Installing: /home/iit.local/gturrisi/isaaclab_ws_home/quadruped_rl_collection/scripts/sim_to_others/ros2/msg_ws/install/dls2_msgs/share/dls2_msgs/cmake/dls2_msgs__rosidl_typesupport_cExport-noconfig.cmake
[3.472s] -- Installing: /home/iit.local/gturrisi/isaaclab_ws_home/quadruped_rl_collection/scripts/sim_to_others/ros2/msg_ws/install/dls2_msgs/share/dls2_msgs/cmake/export_dls2_msgs__rosidl_generator_cppExport.cmake
[3.472s] -- Installing: /home/iit.local/gturrisi/isaaclab_ws_home/quadruped_rl_collection/scripts/sim_to_others/ros2/msg_ws/install/dls2_msgs/share/dls2_msgs/cmake/export_dls2_msgs__rosidl_typesupport_fastrtps_cppExport.cmake
[3.472s] -- Installing: /home/iit.local/gturrisi/isaaclab_ws_home/quadruped_rl_collection/scripts/sim_to_others/ros2/msg_ws/install/dls2_msgs/share/dls2_msgs/cmake/export_dls2_msgs__rosidl_typesupport_fastrtps_cppExport-noconfig.cmake
[3.472s] -- Installing: /home/iit.local/gturrisi/isaaclab_ws_home/quadruped_rl_collection/scripts/sim_to_others/ros2/msg_ws/install/dls2_msgs/share/dls2_msgs/cmake/dls2_msgs__rosidl_typesupport_introspection_cppExport.cmake
[3.472s] -- Installing: /home/iit.local/gturrisi/isaaclab_ws_home/quadruped_rl_collection/scripts/sim_to_others/ros2/msg_ws/install/dls2_msgs/share/dls2_msgs/cmake/dls2_msgs__rosidl_typesupport_introspection_cppExport-noconfig.cmake
[3.472s] -- Installing: /home/iit.local/gturrisi/isaaclab_ws_home/quadruped_rl_collection/scripts/sim_to_others/ros2/msg_ws/install/dls2_msgs/share/dls2_msgs/cmake/dls2_msgs__rosidl_typesupport_cppExport.cmake
[3.472s] -- Installing: /home/iit.local/gturrisi/isaaclab_ws_home/quadruped_rl_collection/scripts/sim_to_others/ros2/msg_ws/install/dls2_msgs/share/dls2_msgs/cmake/dls2_msgs__rosidl_typesupport_cppExport-noconfig.cmake
[3.472s] -- Installing: /home/iit.local/gturrisi/isaaclab_ws_home/quadruped_rl_collection/scripts/sim_to_others/ros2/msg_ws/install/dls2_msgs/share/dls2_msgs/cmake/export_dls2_msgs__rosidl_generator_pyExport.cmake
[3.473s] -- Installing: /home/iit.local/gturrisi/isaaclab_ws_home/quadruped_rl_collection/scripts/sim_to_others/ros2/msg_ws/install/dls2_msgs/share/dls2_msgs/cmake/export_dls2_msgs__rosidl_generator_pyExport-noconfig.cmake
[3.473s] -- Installing: /home/iit.local/gturrisi/isaaclab_ws_home/quadruped_rl_collection/scripts/sim_to_others/ros2/msg_ws/install/dls2_msgs/share/dls2_msgs/cmake/rosidl_cmake-extras.cmake
[3.473s] -- Installing: /home/iit.local/gturrisi/isaaclab_ws_home/quadruped_rl_collection/scripts/sim_to_others/ros2/msg_ws/install/dls2_msgs/share/dls2_msgs/cmake/ament_cmake_export_include_directories-extras.cmake
[3.473s] -- Installing: /home/iit.local/gturrisi/isaaclab_ws_home/quadruped_rl_collection/scripts/sim_to_others/ros2/msg_ws/install/dls2_msgs/share/dls2_msgs/cmake/ament_cmake_export_libraries-extras.cmake
[3.473s] -- Installing: /home/iit.local/gturrisi/isaaclab_ws_home/quadruped_rl_collection/scripts/sim_to_others/ros2/msg_ws/install/dls2_msgs/share/dls2_msgs/cmake/ament_cmake_export_targets-extras.cmake
[3.473s] -- Installing: /home/iit.local/gturrisi/isaaclab_ws_home/quadruped_rl_collection/scripts/sim_to_others/ros2/msg_ws/install/dls2_msgs/share/dls2_msgs/cmake/rosidl_cmake_export_typesupport_targets-extras.cmake
[3.473s] -- Installing: /home/iit.local/gturrisi/isaaclab_ws_home/quadruped_rl_collection/scripts/sim_to_others/ros2/msg_ws/install/dls2_msgs/share/dls2_msgs/cmake/ament_cmake_export_dependencies-extras.cmake
[3.473s] -- Installing: /home/iit.local/gturrisi/isaaclab_ws_home/quadruped_rl_collection/scripts/sim_to_others/ros2/msg_ws/install/dls2_msgs/share/dls2_msgs/cmake/rosidl_cmake_export_typesupport_libraries-extras.cmake
[3.473s] -- Installing: /home/iit.local/gturrisi/isaaclab_ws_home/quadruped_rl_collection/scripts/sim_to_others/ros2/msg_ws/install/dls2_msgs/share/dls2_msgs/cmake/dls2_msgsConfig.cmake
[3.473s] -- Installing: /home/iit.local/gturrisi/isaaclab_ws_home/quadruped_rl_collection/scripts/sim_to_others/ros2/msg_ws/install/dls2_msgs/share/dls2_msgs/cmake/dls2_msgsConfig-version.cmake
[3.473s] -- Installing: /home/iit.local/gturrisi/isaaclab_ws_home/quadruped_rl_collection/scripts/sim_to_others/ros2/msg_ws/install/dls2_msgs/share/dls2_msgs/package.xml
[3.474s] Invoked command in '/home/iit.local/gturrisi/isaaclab_ws_home/quadruped_rl_collection/scripts/sim_to_others/ros2/msg_ws/build/dls2_msgs' returned '0': CONDA_PROMPT_MODIFIER=(isaaclab_env) /home/iit.local/gturrisi/mambaforge/envs/isaaclab_env/bin/cmake --install /home/iit.local/gturrisi/isaaclab_ws_home/quadruped_rl_collection/scripts/sim_to_others/ros2/msg_ws/build/dls2_msgs
