[0.069s] [34mcolcon[0m [1;30mDEBUG[0m [32mCommand line arguments: ['/home/iit.local/gturrisi/mambaforge/envs/isaaclab_env/bin/colcon', 'build'][0m
[0.070s] [34mcolcon[0m [1;30mDEBUG[0m [32mParsed command line arguments: Namespace(log_base=None, log_level=None, verb_name='build', build_base='build', install_base='install', merge_install=False, symlink_install=False, test_result_base=None, continue_on_error=False, executor='parallel', parallel_workers=17, event_handlers=None, ignore_user_meta=False, metas=['./colcon.meta'], base_paths=['.'], packages_ignore=None, packages_ignore_regex=None, paths=None, packages_up_to=None, packages_up_to_regex=None, packages_above=None, packages_above_and_dependencies=None, packages_above_depth=None, packages_select_by_dep=None, packages_skip_by_dep=None, packages_skip_up_to=None, packages_select_build_failed=False, packages_skip_build_finished=False, packages_select_test_failures=False, packages_skip_test_passed=False, packages_select=None, packages_skip=None, packages_select_regex=None, packages_skip_regex=None, packages_start=None, packages_end=None, cmake_args=None, cmake_target=None, cmake_target_skip_unavailable=False, cmake_clean_cache=False, cmake_clean_first=False, cmake_force_configure=False, ament_cmake_args=None, catkin_cmake_args=None, catkin_skip_building_tests=False, verb_parser=<colcon_defaults.argument_parser.defaults.DefaultArgumentsDecorator object at 0x7b548b4b3e80>, verb_extension=<colcon_core.verb.build.BuildVerb object at 0x7b548b4b3970>, main=<bound method BuildVerb.main of <colcon_core.verb.build.BuildVerb object at 0x7b548b4b3970>>)[0m
[0.159s] [34mcolcon.colcon_core.package_discovery[0m [1;30mLevel 1[0m discover_packages(colcon_meta) check parameters
[0.159s] [34mcolcon.colcon_core.package_discovery[0m [1;30mLevel 1[0m discover_packages(recursive) check parameters
[0.159s] [34mcolcon.colcon_core.package_discovery[0m [1;30mLevel 1[0m discover_packages(ignore) check parameters
[0.159s] [34mcolcon.colcon_core.package_discovery[0m [1;30mLevel 1[0m discover_packages(path) check parameters
[0.159s] [34mcolcon.colcon_core.package_discovery[0m [1;30mLevel 1[0m discover_packages(colcon_meta) discover
[0.159s] [34mcolcon.colcon_core.package_discovery[0m [1;30mLevel 1[0m discover_packages(recursive) discover
[0.159s] [34mcolcon.colcon_core.package_discovery[0m [1;30mINFO[0m Crawling recursively for packages in '/home/iit.local/gturrisi/isaaclab_ws_home/quadruped_rl_collection/scripts/sim_to_others/ros2/msg_ws'
[0.159s] [34mcolcon.colcon_core.package_identification[0m [1;30mLevel 1[0m _identify(.) by extensions ['ignore', 'ignore_ament_install']
[0.159s] [34mcolcon.colcon_core.package_identification[0m [1;30mLevel 1[0m _identify(.) by extension 'ignore'
[0.159s] [34mcolcon.colcon_core.package_identification[0m [1;30mLevel 1[0m _identify(.) by extension 'ignore_ament_install'
[0.159s] [34mcolcon.colcon_core.package_identification[0m [1;30mLevel 1[0m _identify(.) by extensions ['colcon_pkg']
[0.159s] [34mcolcon.colcon_core.package_identification[0m [1;30mLevel 1[0m _identify(.) by extension 'colcon_pkg'
[0.159s] [34mcolcon.colcon_core.package_identification[0m [1;30mLevel 1[0m _identify(.) by extensions ['colcon_meta']
[0.159s] [34mcolcon.colcon_core.package_identification[0m [1;30mLevel 1[0m _identify(.) by extension 'colcon_meta'
[0.159s] [34mcolcon.colcon_core.package_identification[0m [1;30mLevel 1[0m _identify(.) by extensions ['ros']
[0.159s] [34mcolcon.colcon_core.package_identification[0m [1;30mLevel 1[0m _identify(.) by extension 'ros'
[0.170s] [34mcolcon.colcon_core.package_identification[0m [1;30mLevel 1[0m _identify(.) by extensions ['cmake', 'python']
[0.170s] [34mcolcon.colcon_core.package_identification[0m [1;30mLevel 1[0m _identify(.) by extension 'cmake'
[0.170s] [34mcolcon.colcon_core.package_identification[0m [1;30mLevel 1[0m _identify(.) by extension 'python'
[0.170s] [34mcolcon.colcon_core.package_identification[0m [1;30mLevel 1[0m _identify(.) by extensions ['python_setup_py']
[0.170s] [34mcolcon.colcon_core.package_identification[0m [1;30mLevel 1[0m _identify(.) by extension 'python_setup_py'
[0.171s] [34mcolcon.colcon_core.package_identification[0m [1;30mLevel 1[0m _identify(build) by extensions ['ignore', 'ignore_ament_install']
[0.171s] [34mcolcon.colcon_core.package_identification[0m [1;30mLevel 1[0m _identify(build) by extension 'ignore'
[0.171s] [34mcolcon.colcon_core.package_identification[0m [1;30mLevel 1[0m _identify(build) ignored
[0.171s] [34mcolcon.colcon_core.package_identification[0m [1;30mLevel 1[0m _identify(install) by extensions ['ignore', 'ignore_ament_install']
[0.171s] [34mcolcon.colcon_core.package_identification[0m [1;30mLevel 1[0m _identify(install) by extension 'ignore'
[0.171s] [34mcolcon.colcon_core.package_identification[0m [1;30mLevel 1[0m _identify(install) ignored
[0.171s] [34mcolcon.colcon_core.package_identification[0m [1;30mLevel 1[0m _identify(log) by extensions ['ignore', 'ignore_ament_install']
[0.171s] [34mcolcon.colcon_core.package_identification[0m [1;30mLevel 1[0m _identify(log) by extension 'ignore'
[0.171s] [34mcolcon.colcon_core.package_identification[0m [1;30mLevel 1[0m _identify(log) ignored
[0.171s] [34mcolcon.colcon_core.package_identification[0m [1;30mLevel 1[0m _identify(src) by extensions ['ignore', 'ignore_ament_install']
[0.171s] [34mcolcon.colcon_core.package_identification[0m [1;30mLevel 1[0m _identify(src) by extension 'ignore'
[0.171s] [34mcolcon.colcon_core.package_identification[0m [1;30mLevel 1[0m _identify(src) by extension 'ignore_ament_install'
[0.171s] [34mcolcon.colcon_core.package_identification[0m [1;30mLevel 1[0m _identify(src) by extensions ['colcon_pkg']
[0.171s] [34mcolcon.colcon_core.package_identification[0m [1;30mLevel 1[0m _identify(src) by extension 'colcon_pkg'
[0.171s] [34mcolcon.colcon_core.package_identification[0m [1;30mLevel 1[0m _identify(src) by extensions ['colcon_meta']
[0.171s] [34mcolcon.colcon_core.package_identification[0m [1;30mLevel 1[0m _identify(src) by extension 'colcon_meta'
[0.171s] [34mcolcon.colcon_core.package_identification[0m [1;30mLevel 1[0m _identify(src) by extensions ['ros']
[0.171s] [34mcolcon.colcon_core.package_identification[0m [1;30mLevel 1[0m _identify(src) by extension 'ros'
[0.171s] [34mcolcon.colcon_core.package_identification[0m [1;30mLevel 1[0m _identify(src) by extensions ['cmake', 'python']
[0.171s] [34mcolcon.colcon_core.package_identification[0m [1;30mLevel 1[0m _identify(src) by extension 'cmake'
[0.171s] [34mcolcon.colcon_core.package_identification[0m [1;30mLevel 1[0m _identify(src) by extension 'python'
[0.171s] [34mcolcon.colcon_core.package_identification[0m [1;30mLevel 1[0m _identify(src) by extensions ['python_setup_py']
[0.171s] [34mcolcon.colcon_core.package_identification[0m [1;30mLevel 1[0m _identify(src) by extension 'python_setup_py'
[0.171s] [34mcolcon.colcon_core.package_identification[0m [1;30mLevel 1[0m _identify(src/dls2_msgs) by extensions ['ignore', 'ignore_ament_install']
[0.171s] [34mcolcon.colcon_core.package_identification[0m [1;30mLevel 1[0m _identify(src/dls2_msgs) by extension 'ignore'
[0.171s] [34mcolcon.colcon_core.package_identification[0m [1;30mLevel 1[0m _identify(src/dls2_msgs) by extension 'ignore_ament_install'
[0.171s] [34mcolcon.colcon_core.package_identification[0m [1;30mLevel 1[0m _identify(src/dls2_msgs) by extensions ['colcon_pkg']
[0.171s] [34mcolcon.colcon_core.package_identification[0m [1;30mLevel 1[0m _identify(src/dls2_msgs) by extension 'colcon_pkg'
[0.171s] [34mcolcon.colcon_core.package_identification[0m [1;30mLevel 1[0m _identify(src/dls2_msgs) by extensions ['colcon_meta']
[0.171s] [34mcolcon.colcon_core.package_identification[0m [1;30mLevel 1[0m _identify(src/dls2_msgs) by extension 'colcon_meta'
[0.171s] [34mcolcon.colcon_core.package_identification[0m [1;30mLevel 1[0m _identify(src/dls2_msgs) by extensions ['ros']
[0.171s] [34mcolcon.colcon_core.package_identification[0m [1;30mLevel 1[0m _identify(src/dls2_msgs) by extension 'ros'
[0.172s] [34mcolcon.colcon_core.package_identification[0m [1;30mDEBUG[0m [32mPackage 'src/dls2_msgs' with type 'ros.ament_cmake' and name 'dls2_msgs'[0m
[0.173s] [34mcolcon.colcon_core.package_discovery[0m [1;30mLevel 1[0m discover_packages(recursive) using defaults
[0.173s] [34mcolcon.colcon_core.package_discovery[0m [1;30mLevel 1[0m discover_packages(ignore) discover
[0.173s] [34mcolcon.colcon_core.package_discovery[0m [1;30mLevel 1[0m discover_packages(ignore) using defaults
[0.173s] [34mcolcon.colcon_core.package_discovery[0m [1;30mLevel 1[0m discover_packages(path) discover
[0.173s] [34mcolcon.colcon_core.package_discovery[0m [1;30mLevel 1[0m discover_packages(path) using defaults
[0.180s] [34mcolcon.colcon_core.verb[0m [1;30mLevel 5[0m set package 'dls2_msgs' build argument 'cmake_args' from command line to 'None'
[0.180s] [34mcolcon.colcon_core.verb[0m [1;30mLevel 5[0m set package 'dls2_msgs' build argument 'cmake_target' from command line to 'None'
[0.180s] [34mcolcon.colcon_core.verb[0m [1;30mLevel 5[0m set package 'dls2_msgs' build argument 'cmake_target_skip_unavailable' from command line to 'False'
[0.180s] [34mcolcon.colcon_core.verb[0m [1;30mLevel 5[0m set package 'dls2_msgs' build argument 'cmake_clean_cache' from command line to 'False'
[0.180s] [34mcolcon.colcon_core.verb[0m [1;30mLevel 5[0m set package 'dls2_msgs' build argument 'cmake_clean_first' from command line to 'False'
[0.180s] [34mcolcon.colcon_core.verb[0m [1;30mLevel 5[0m set package 'dls2_msgs' build argument 'cmake_force_configure' from command line to 'False'
[0.180s] [34mcolcon.colcon_core.verb[0m [1;30mLevel 5[0m set package 'dls2_msgs' build argument 'ament_cmake_args' from command line to 'None'
[0.180s] [34mcolcon.colcon_core.verb[0m [1;30mLevel 5[0m set package 'dls2_msgs' build argument 'catkin_cmake_args' from command line to 'None'
[0.180s] [34mcolcon.colcon_core.verb[0m [1;30mLevel 5[0m set package 'dls2_msgs' build argument 'catkin_skip_building_tests' from command line to 'False'
[0.180s] [34mcolcon.colcon_core.verb[0m [1;30mDEBUG[0m [32mBuilding package 'dls2_msgs' with the following arguments: {'ament_cmake_args': None, 'build_base': '/home/iit.local/gturrisi/isaaclab_ws_home/quadruped_rl_collection/scripts/sim_to_others/ros2/msg_ws/build/dls2_msgs', 'catkin_cmake_args': None, 'catkin_skip_building_tests': False, 'cmake_args': None, 'cmake_clean_cache': False, 'cmake_clean_first': False, 'cmake_force_configure': False, 'cmake_target': None, 'cmake_target_skip_unavailable': False, 'install_base': '/home/iit.local/gturrisi/isaaclab_ws_home/quadruped_rl_collection/scripts/sim_to_others/ros2/msg_ws/install/dls2_msgs', 'merge_install': False, 'path': '/home/iit.local/gturrisi/isaaclab_ws_home/quadruped_rl_collection/scripts/sim_to_others/ros2/msg_ws/src/dls2_msgs', 'symlink_install': False, 'test_result_base': None}[0m
[0.181s] [34mcolcon.colcon_core.executor[0m [1;30mINFO[0m Executing jobs using 'parallel' executor
[0.181s] [34mcolcon.colcon_parallel_executor.executor.parallel[0m [1;30mDEBUG[0m [32mrun_until_complete[0m
[0.181s] [34mcolcon.colcon_ros.task.ament_cmake.build[0m [1;30mINFO[0m Building ROS package in '/home/iit.local/gturrisi/isaaclab_ws_home/quadruped_rl_collection/scripts/sim_to_others/ros2/msg_ws/src/dls2_msgs' with build type 'ament_cmake'
[0.181s] [34mcolcon.colcon_cmake.task.cmake.build[0m [1;30mINFO[0m Building CMake package in '/home/iit.local/gturrisi/isaaclab_ws_home/quadruped_rl_collection/scripts/sim_to_others/ros2/msg_ws/src/dls2_msgs'
[0.182s] [34mcolcon.colcon_core.plugin_system[0m [1;30mINFO[0m Skipping extension 'colcon_core.shell.bat': Not used on non-Windows systems
[0.182s] [34mcolcon.colcon_core.shell[0m [1;30mINFO[0m Skip shell extension 'powershell' for command environment: Not usable outside of PowerShell
[0.182s] [34mcolcon.colcon_core.shell[0m [1;30mDEBUG[0m [32mSkip shell extension 'dsv' for command environment[0m
[0.183s] [34mcolcon.colcon_core.prefix_path.colcon[0m [1;30mWARNING[0m [33mThe path '/home/iit.local/gturrisi/isaaclab_ws_home/quadruped_rl_collection/scripts/sim_to_others/ros2/dls2_ros2_msg_ws/install' in the environment variable COLCON_PREFIX_PATH doesn't exist[0m
[0.183s] [34mcolcon.colcon_ros.prefix_path.ament[0m [1;30mWARNING[0m [33mThe path '/home/iit.local/gturrisi/isaaclab_ws_home/quadruped_rl_collection/scripts/sim_to_others/ros2/dls2_ros2_msg_ws/install/dls2_msgs' in the environment variable AMENT_PREFIX_PATH doesn't exist[0m
[0.183s] [34mcolcon.colcon_ros.prefix_path.catkin[0m [1;30mWARNING[0m [33mThe path '/home/iit.local/gturrisi/isaaclab_ws_home/quadruped_rl_collection/scripts/sim_to_others/ros2/dls2_ros2_msg_ws/install/dls2_msgs' in the environment variable CMAKE_PREFIX_PATH doesn't exist[0m
[0.188s] [34mcolcon.colcon_core.event_handler.log_command[0m [1;30mDEBUG[0m [32mInvoking command in '/home/iit.local/gturrisi/isaaclab_ws_home/quadruped_rl_collection/scripts/sim_to_others/ros2/msg_ws/build/dls2_msgs': CONDA_PROMPT_MODIFIER=(isaaclab_env) /home/iit.local/gturrisi/mambaforge/envs/isaaclab_env/bin/cmake /home/iit.local/gturrisi/isaaclab_ws_home/quadruped_rl_collection/scripts/sim_to_others/ros2/msg_ws/src/dls2_msgs -DCMAKE_INSTALL_PREFIX=/home/iit.local/gturrisi/isaaclab_ws_home/quadruped_rl_collection/scripts/sim_to_others/ros2/msg_ws/install/dls2_msgs[0m
[1.592s] [34mcolcon.colcon_core.event_handler.log_command[0m [1;30mDEBUG[0m [32mInvoked command in '/home/iit.local/gturrisi/isaaclab_ws_home/quadruped_rl_collection/scripts/sim_to_others/ros2/msg_ws/build/dls2_msgs' returned '1': CONDA_PROMPT_MODIFIER=(isaaclab_env) /home/iit.local/gturrisi/mambaforge/envs/isaaclab_env/bin/cmake /home/iit.local/gturrisi/isaaclab_ws_home/quadruped_rl_collection/scripts/sim_to_others/ros2/msg_ws/src/dls2_msgs -DCMAKE_INSTALL_PREFIX=/home/iit.local/gturrisi/isaaclab_ws_home/quadruped_rl_collection/scripts/sim_to_others/ros2/msg_ws/install/dls2_msgs[0m
[1.597s] [34mcolcon.colcon_core.environment[0m [1;30mLevel 1[0m create_environment_scripts_only(dls2_msgs)
[1.598s] [34mcolcon.colcon_core.environment[0m [1;30mLevel 1[0m checking '/home/iit.local/gturrisi/isaaclab_ws_home/quadruped_rl_collection/scripts/sim_to_others/ros2/msg_ws/install/dls2_msgs' for CMake module files
[1.599s] [34mcolcon.colcon_core.environment[0m [1;30mLevel 1[0m checking '/home/iit.local/gturrisi/isaaclab_ws_home/quadruped_rl_collection/scripts/sim_to_others/ros2/msg_ws/install/dls2_msgs' for CMake config files
[1.599s] [34mcolcon.colcon_core.environment[0m [1;30mLevel 1[0m checking '/home/iit.local/gturrisi/isaaclab_ws_home/quadruped_rl_collection/scripts/sim_to_others/ros2/msg_ws/install/dls2_msgs/bin'
[1.599s] [34mcolcon.colcon_core.environment[0m [1;30mLevel 1[0m checking '/home/iit.local/gturrisi/isaaclab_ws_home/quadruped_rl_collection/scripts/sim_to_others/ros2/msg_ws/install/dls2_msgs/lib/pkgconfig/dls2_msgs.pc'
[1.599s] [34mcolcon.colcon_core.environment[0m [1;30mLevel 1[0m checking '/home/iit.local/gturrisi/isaaclab_ws_home/quadruped_rl_collection/scripts/sim_to_others/ros2/msg_ws/install/dls2_msgs/lib/python3.10/site-packages'
[1.599s] [34mcolcon.colcon_core.environment[0m [1;30mLevel 1[0m checking '/home/iit.local/gturrisi/isaaclab_ws_home/quadruped_rl_collection/scripts/sim_to_others/ros2/msg_ws/install/dls2_msgs/bin'
[1.600s] [34mcolcon.colcon_core.shell[0m [1;30mINFO[0m Creating package script '/home/iit.local/gturrisi/isaaclab_ws_home/quadruped_rl_collection/scripts/sim_to_others/ros2/msg_ws/install/dls2_msgs/share/dls2_msgs/package.ps1'
[1.600s] [34mcolcon.colcon_core.shell[0m [1;30mINFO[0m Creating package descriptor '/home/iit.local/gturrisi/isaaclab_ws_home/quadruped_rl_collection/scripts/sim_to_others/ros2/msg_ws/install/dls2_msgs/share/dls2_msgs/package.dsv'
[1.600s] [34mcolcon.colcon_core.shell[0m [1;30mINFO[0m Creating package script '/home/iit.local/gturrisi/isaaclab_ws_home/quadruped_rl_collection/scripts/sim_to_others/ros2/msg_ws/install/dls2_msgs/share/dls2_msgs/package.sh'
[1.600s] [34mcolcon.colcon_core.shell[0m [1;30mINFO[0m Creating package script '/home/iit.local/gturrisi/isaaclab_ws_home/quadruped_rl_collection/scripts/sim_to_others/ros2/msg_ws/install/dls2_msgs/share/dls2_msgs/package.bash'
[1.601s] [34mcolcon.colcon_core.shell[0m [1;30mINFO[0m Creating package script '/home/iit.local/gturrisi/isaaclab_ws_home/quadruped_rl_collection/scripts/sim_to_others/ros2/msg_ws/install/dls2_msgs/share/dls2_msgs/package.zsh'
[1.601s] [34mcolcon.colcon_core.environment[0m [1;30mLevel 1[0m create_file_with_runtime_dependencies(/home/iit.local/gturrisi/isaaclab_ws_home/quadruped_rl_collection/scripts/sim_to_others/ros2/msg_ws/install/dls2_msgs/share/colcon-core/packages/dls2_msgs)
[1.612s] [34mcolcon.colcon_parallel_executor.executor.parallel[0m [1;30mDEBUG[0m [32mclosing loop[0m
[1.612s] [34mcolcon.colcon_parallel_executor.executor.parallel[0m [1;30mDEBUG[0m [32mloop closed[0m
[1.612s] [34mcolcon.colcon_parallel_executor.executor.parallel[0m [1;30mDEBUG[0m [32mrun_until_complete finished with '1'[0m
[1.612s] [34mcolcon.colcon_core.event_reactor[0m [1;30mDEBUG[0m [32mjoining thread[0m
[1.612s] [34mcolcon.colcon_core.event_reactor[0m [1;30mDEBUG[0m [32mjoined thread[0m
[1.612s] [34mcolcon.colcon_core.shell[0m [1;30mINFO[0m Creating prefix script '/home/iit.local/gturrisi/isaaclab_ws_home/quadruped_rl_collection/scripts/sim_to_others/ros2/msg_ws/install/local_setup.ps1'
[1.613s] [34mcolcon.colcon_core.shell[0m [1;30mINFO[0m Creating prefix util module '/home/iit.local/gturrisi/isaaclab_ws_home/quadruped_rl_collection/scripts/sim_to_others/ros2/msg_ws/install/_local_setup_util_ps1.py'
[1.613s] [34mcolcon.colcon_core.shell[0m [1;30mINFO[0m Creating prefix chain script '/home/iit.local/gturrisi/isaaclab_ws_home/quadruped_rl_collection/scripts/sim_to_others/ros2/msg_ws/install/setup.ps1'
[1.614s] [34mcolcon.colcon_core.shell[0m [1;30mINFO[0m Creating prefix script '/home/iit.local/gturrisi/isaaclab_ws_home/quadruped_rl_collection/scripts/sim_to_others/ros2/msg_ws/install/local_setup.sh'
[1.614s] [34mcolcon.colcon_core.shell[0m [1;30mINFO[0m Creating prefix util module '/home/iit.local/gturrisi/isaaclab_ws_home/quadruped_rl_collection/scripts/sim_to_others/ros2/msg_ws/install/_local_setup_util_sh.py'
[1.614s] [34mcolcon.colcon_core.shell[0m [1;30mINFO[0m Creating prefix chain script '/home/iit.local/gturrisi/isaaclab_ws_home/quadruped_rl_collection/scripts/sim_to_others/ros2/msg_ws/install/setup.sh'
[1.614s] [34mcolcon.colcon_core.shell[0m [1;30mINFO[0m Creating prefix script '/home/iit.local/gturrisi/isaaclab_ws_home/quadruped_rl_collection/scripts/sim_to_others/ros2/msg_ws/install/local_setup.bash'
[1.615s] [34mcolcon.colcon_core.shell[0m [1;30mINFO[0m Creating prefix chain script '/home/iit.local/gturrisi/isaaclab_ws_home/quadruped_rl_collection/scripts/sim_to_others/ros2/msg_ws/install/setup.bash'
[1.615s] [34mcolcon.colcon_core.shell[0m [1;30mINFO[0m Creating prefix script '/home/iit.local/gturrisi/isaaclab_ws_home/quadruped_rl_collection/scripts/sim_to_others/ros2/msg_ws/install/local_setup.zsh'
[1.615s] [34mcolcon.colcon_core.shell[0m [1;30mINFO[0m Creating prefix chain script '/home/iit.local/gturrisi/isaaclab_ws_home/quadruped_rl_collection/scripts/sim_to_others/ros2/msg_ws/install/setup.zsh'
